{"C:/Users/falej/Documents/DAW/Proyecto/ProyectoFCT/Front/src/App.tsx": {"path":"C:/Users/falej/Documents/DAW/Proyecto/ProyectoFCT/Front/src/App.tsx","statementMap":{"0":{"start":{"line":18,"column":17},"end":{"line":26,"column":null}},"1":{"start":{"line":19,"column":4},"end":{"line":23,"column":null}},"2":{"start":{"line":28,"column":2},"end":{"line":56,"column":null}}},"fnMap":{"0":{"name":"App","decl":{"start":{"line":16,"column":9},"end":{"line":16,"column":null}},"loc":{"start":{"line":16,"column":9},"end":{"line":61,"column":null}}},"1":{"name":"(anonymous_1)","decl":{"start":{"line":18,"column":17},"end":{"line":18,"column":null}},"loc":{"start":{"line":18,"column":17},"end":{"line":26,"column":null}}}},"branchMap":{},"s":{"0":0,"1":0,"2":0},"f":{"0":0,"1":0},"b":{}}
,"C:/Users/falej/Documents/DAW/Proyecto/ProyectoFCT/Front/src/assets/componentes/Contacto/Contacto.tsx": {"path":"C:/Users/falej/Documents/DAW/Proyecto/ProyectoFCT/Front/src/assets/componentes/Contacto/Contacto.tsx","statementMap":{"0":{"start":{"line":3,"column":17},"end":{"line":28,"column":null}},"1":{"start":{"line":4,"column":2},"end":{"line":24,"column":null}},"2":{"start":{"line":10,"column":31},"end":{"line":10,"column":74}},"3":{"start":{"line":15,"column":10},"end":{"line":17,"column":null}},"4":{"start":{"line":18,"column":29},"end":{"line":18,"column":null}}},"fnMap":{"0":{"name":"(anonymous_0)","decl":{"start":{"line":3,"column":17},"end":{"line":3,"column":18}},"loc":{"start":{"line":3,"column":116},"end":{"line":28,"column":null}}},"1":{"name":"(anonymous_1)","decl":{"start":{"line":10,"column":25},"end":{"line":10,"column":31}},"loc":{"start":{"line":10,"column":31},"end":{"line":10,"column":74}}},"2":{"name":"(anonymous_2)","decl":{"start":{"line":14,"column":32},"end":{"line":14,"column":33}},"loc":{"start":{"line":14,"column":33},"end":{"line":24,"column":null}}},"3":{"name":"(anonymous_3)","decl":{"start":{"line":18,"column":23},"end":{"line":18,"column":29}},"loc":{"start":{"line":18,"column":29},"end":{"line":18,"column":null}}}},"branchMap":{"0":{"loc":{"start":{"line":3,"column":20},"end":{"line":3,"column":49}},"type":"default-arg","locations":[{"start":{"line":3,"column":29},"end":{"line":3,"column":49}}]},"1":{"loc":{"start":{"line":3,"column":51},"end":{"line":3,"column":61}},"type":"default-arg","locations":[{"start":{"line":3,"column":59},"end":{"line":3,"column":61}}]}},"s":{"0":1,"1":6,"2":2,"3":3,"4":1},"f":{"0":6,"1":2,"2":3,"3":1},"b":{"0":[5],"1":[3]}}
,"C:/Users/falej/Documents/DAW/Proyecto/ProyectoFCT/Front/src/assets/componentes/Footer/Footer.tsx": {"path":"C:/Users/falej/Documents/DAW/Proyecto/ProyectoFCT/Front/src/assets/componentes/Footer/Footer.tsx","statementMap":{"0":{"start":{"line":5,"column":2},"end":{"line":19,"column":null}}},"fnMap":{"0":{"name":"Footer","decl":{"start":{"line":4,"column":9},"end":{"line":4,"column":null}},"loc":{"start":{"line":4,"column":9},"end":{"line":24,"column":null}}}},"branchMap":{},"s":{"0":6},"f":{"0":6},"b":{}}
,"C:/Users/falej/Documents/DAW/Proyecto/ProyectoFCT/Front/src/assets/componentes/Header/Header.tsx": {"path":"C:/Users/falej/Documents/DAW/Proyecto/ProyectoFCT/Front/src/assets/componentes/Header/Header.tsx","statementMap":{"0":{"start":{"line":13,"column":28},"end":{"line":13,"column":null}},"1":{"start":{"line":14,"column":19},"end":{"line":14,"column":null}},"2":{"start":{"line":15,"column":40},"end":{"line":15,"column":null}},"3":{"start":{"line":16,"column":38},"end":{"line":16,"column":null}},"4":{"start":{"line":17,"column":32},"end":{"line":17,"column":null}},"5":{"start":{"line":18,"column":42},"end":{"line":18,"column":null}},"6":{"start":{"line":20,"column":20},"end":{"line":20,"column":null}},"7":{"start":{"line":21,"column":20},"end":{"line":21,"column":null}},"8":{"start":{"line":23,"column":2},"end":{"line":38,"column":null}},"9":{"start":{"line":24,"column":31},"end":{"line":34,"column":null}},"10":{"start":{"line":25,"column":21},"end":{"line":25,"column":29}},"11":{"start":{"line":27,"column":6},"end":{"line":29,"column":null}},"12":{"start":{"line":28,"column":8},"end":{"line":28,"column":null}},"13":{"start":{"line":31,"column":6},"end":{"line":33,"column":null}},"14":{"start":{"line":32,"column":8},"end":{"line":32,"column":null}},"15":{"start":{"line":36,"column":4},"end":{"line":36,"column":null}},"16":{"start":{"line":37,"column":4},"end":{"line":37,"column":null}},"17":{"start":{"line":37,"column":17},"end":{"line":37,"column":null}},"18":{"start":{"line":40,"column":2},"end":{"line":64,"column":null}},"19":{"start":{"line":41,"column":4},"end":{"line":41,"column":null}},"20":{"start":{"line":41,"column":18},"end":{"line":41,"column":null}},"21":{"start":{"line":43,"column":18},"end":{"line":43,"column":null}},"22":{"start":{"line":45,"column":4},"end":{"line":49,"column":null}},"23":{"start":{"line":46,"column":6},"end":{"line":46,"column":null}},"24":{"start":{"line":47,"column":6},"end":{"line":47,"column":null}},"25":{"start":{"line":48,"column":6},"end":{"line":48,"column":null}},"26":{"start":{"line":51,"column":20},"end":{"line":61,"column":null}},"27":{"start":{"line":52,"column":6},"end":{"line":60,"column":null}},"28":{"start":{"line":54,"column":10},"end":{"line":54,"column":null}},"29":{"start":{"line":55,"column":10},"end":{"line":55,"column":null}},"30":{"start":{"line":58,"column":10},"end":{"line":58,"column":null}},"31":{"start":{"line":59,"column":10},"end":{"line":59,"column":null}},"32":{"start":{"line":63,"column":4},"end":{"line":63,"column":null}},"33":{"start":{"line":63,"column":17},"end":{"line":63,"column":null}},"34":{"start":{"line":66,"column":23},"end":{"line":69,"column":null}},"35":{"start":{"line":67,"column":4},"end":{"line":67,"column":null}},"36":{"start":{"line":68,"column":4},"end":{"line":68,"column":null}},"37":{"start":{"line":71,"column":23},"end":{"line":84,"column":null}},"38":{"start":{"line":72,"column":4},"end":{"line":72,"column":null}},"39":{"start":{"line":73,"column":25},"end":{"line":73,"column":null}},"40":{"start":{"line":74,"column":4},"end":{"line":83,"column":null}},"41":{"start":{"line":75,"column":6},"end":{"line":81,"column":null}},"42":{"start":{"line":76,"column":8},"end":{"line":79,"column":null}},"43":{"start":{"line":81,"column":11},"end":{"line":81,"column":null}},"44":{"start":{"line":82,"column":6},"end":{"line":82,"column":null}},"45":{"start":{"line":86,"column":2},"end":{"line":233,"column":null}},"46":{"start":{"line":130,"column":33},"end":{"line":130,"column":null}},"47":{"start":{"line":132,"column":18},"end":{"line":133,"column":null}},"48":{"start":{"line":133,"column":20},"end":{"line":133,"column":null}},"49":{"start":{"line":144,"column":20},"end":{"line":145,"column":null}},"50":{"start":{"line":148,"column":24},"end":{"line":148,"column":null}},"51":{"start":{"line":149,"column":24},"end":{"line":151,"column":null}},"52":{"start":{"line":152,"column":24},"end":{"line":152,"column":null}},"53":{"start":{"line":153,"column":24},"end":{"line":153,"column":null}},"54":{"start":{"line":167,"column":24},"end":{"line":167,"column":null}},"55":{"start":{"line":168,"column":24},"end":{"line":170,"column":null}},"56":{"start":{"line":171,"column":24},"end":{"line":171,"column":null}},"57":{"start":{"line":172,"column":24},"end":{"line":172,"column":null}},"58":{"start":{"line":181,"column":24},"end":{"line":181,"column":null}},"59":{"start":{"line":182,"column":24},"end":{"line":182,"column":null}},"60":{"start":{"line":183,"column":24},"end":{"line":183,"column":null}},"61":{"start":{"line":196,"column":29},"end":{"line":196,"column":null}},"62":{"start":{"line":196,"column":50},"end":{"line":196,"column":null}},"63":{"start":{"line":208,"column":37},"end":{"line":208,"column":null}},"64":{"start":{"line":215,"column":37},"end":{"line":215,"column":null}},"65":{"start":{"line":232,"column":37},"end":{"line":232,"column":null}},"66":{"start":{"line":249,"column":2},"end":{"line":257,"column":null}},"67":{"start":{"line":263,"column":2},"end":{"line":274,"column":null}}},"fnMap":{"0":{"name":"Menu","decl":{"start":{"line":12,"column":9},"end":{"line":12,"column":null}},"loc":{"start":{"line":12,"column":9},"end":{"line":245,"column":null}}},"1":{"name":"(anonymous_1)","decl":{"start":{"line":23,"column":12},"end":{"line":23,"column":null}},"loc":{"start":{"line":23,"column":12},"end":{"line":38,"column":5}}},"2":{"name":"(anonymous_2)","decl":{"start":{"line":24,"column":31},"end":{"line":24,"column":32}},"loc":{"start":{"line":24,"column":32},"end":{"line":34,"column":null}}},"3":{"name":"(anonymous_3)","decl":{"start":{"line":37,"column":11},"end":{"line":37,"column":17}},"loc":{"start":{"line":37,"column":17},"end":{"line":37,"column":null}}},"4":{"name":"(anonymous_4)","decl":{"start":{"line":40,"column":12},"end":{"line":40,"column":null}},"loc":{"start":{"line":40,"column":12},"end":{"line":64,"column":5}}},"5":{"name":"(anonymous_5)","decl":{"start":{"line":51,"column":31},"end":{"line":51,"column":null}},"loc":{"start":{"line":51,"column":31},"end":{"line":61,"column":7}}},"6":{"name":"(anonymous_6)","decl":{"start":{"line":53,"column":14},"end":{"line":53,"column":15}},"loc":{"start":{"line":53,"column":15},"end":{"line":56,"column":null}}},"7":{"name":"(anonymous_7)","decl":{"start":{"line":57,"column":15},"end":{"line":57,"column":null}},"loc":{"start":{"line":57,"column":15},"end":{"line":60,"column":null}}},"8":{"name":"(anonymous_8)","decl":{"start":{"line":63,"column":11},"end":{"line":63,"column":17}},"loc":{"start":{"line":63,"column":17},"end":{"line":63,"column":null}}},"9":{"name":"(anonymous_9)","decl":{"start":{"line":66,"column":23},"end":{"line":66,"column":null}},"loc":{"start":{"line":66,"column":23},"end":{"line":69,"column":null}}},"10":{"name":"(anonymous_10)","decl":{"start":{"line":71,"column":23},"end":{"line":71,"column":24}},"loc":{"start":{"line":71,"column":24},"end":{"line":84,"column":null}}},"11":{"name":"(anonymous_11)","decl":{"start":{"line":130,"column":26},"end":{"line":130,"column":27}},"loc":{"start":{"line":130,"column":33},"end":{"line":130,"column":null}}},"12":{"name":"(anonymous_12)","decl":{"start":{"line":131,"column":25},"end":{"line":131,"column":null}},"loc":{"start":{"line":131,"column":25},"end":{"line":134,"column":null}}},"13":{"name":"(anonymous_13)","decl":{"start":{"line":143,"column":53},"end":{"line":143,"column":54}},"loc":{"start":{"line":144,"column":20},"end":{"line":145,"column":null}}},"14":{"name":"(anonymous_14)","decl":{"start":{"line":147,"column":35},"end":{"line":147,"column":36}},"loc":{"start":{"line":147,"column":36},"end":{"line":154,"column":null}}},"15":{"name":"(anonymous_15)","decl":{"start":{"line":166,"column":35},"end":{"line":166,"column":36}},"loc":{"start":{"line":166,"column":36},"end":{"line":173,"column":null}}},"16":{"name":"(anonymous_16)","decl":{"start":{"line":180,"column":35},"end":{"line":180,"column":36}},"loc":{"start":{"line":180,"column":36},"end":{"line":184,"column":null}}},"17":{"name":"(anonymous_17)","decl":{"start":{"line":196,"column":23},"end":{"line":196,"column":29}},"loc":{"start":{"line":196,"column":29},"end":{"line":196,"column":null}}},"18":{"name":"(anonymous_18)","decl":{"start":{"line":196,"column":43},"end":{"line":196,"column":44}},"loc":{"start":{"line":196,"column":50},"end":{"line":196,"column":null}}},"19":{"name":"(anonymous_19)","decl":{"start":{"line":208,"column":31},"end":{"line":208,"column":37}},"loc":{"start":{"line":208,"column":37},"end":{"line":208,"column":null}}},"20":{"name":"(anonymous_20)","decl":{"start":{"line":215,"column":31},"end":{"line":215,"column":37}},"loc":{"start":{"line":215,"column":37},"end":{"line":215,"column":null}}},"21":{"name":"(anonymous_21)","decl":{"start":{"line":232,"column":31},"end":{"line":232,"column":37}},"loc":{"start":{"line":232,"column":37},"end":{"line":232,"column":null}}},"22":{"name":"SearchIcon","decl":{"start":{"line":248,"column":9},"end":{"line":248,"column":null}},"loc":{"start":{"line":248,"column":9},"end":{"line":260,"column":null}}},"23":{"name":"AvatarIcon","decl":{"start":{"line":262,"column":9},"end":{"line":262,"column":null}},"loc":{"start":{"line":262,"column":9},"end":{"line":278,"column":null}}}},"branchMap":{"0":{"loc":{"start":{"line":27,"column":6},"end":{"line":29,"column":null}},"type":"if","locations":[{"start":{"line":27,"column":6},"end":{"line":29,"column":null}},{"start":{},"end":{}}]},"1":{"loc":{"start":{"line":27,"column":10},"end":{"line":27,"column":68}},"type":"binary-expr","locations":[{"start":{"line":27,"column":10},"end":{"line":27,"column":27}},{"start":{"line":27,"column":31},"end":{"line":27,"column":68}}]},"2":{"loc":{"start":{"line":31,"column":6},"end":{"line":33,"column":null}},"type":"if","locations":[{"start":{"line":31,"column":6},"end":{"line":33,"column":null}},{"start":{},"end":{}}]},"3":{"loc":{"start":{"line":31,"column":10},"end":{"line":31,"column":68}},"type":"binary-expr","locations":[{"start":{"line":31,"column":10},"end":{"line":31,"column":27}},{"start":{"line":31,"column":31},"end":{"line":31,"column":68}}]},"4":{"loc":{"start":{"line":41,"column":4},"end":{"line":41,"column":null}},"type":"if","locations":[{"start":{"line":41,"column":4},"end":{"line":41,"column":null}},{"start":{},"end":{}}]},"5":{"loc":{"start":{"line":45,"column":4},"end":{"line":49,"column":null}},"type":"if","locations":[{"start":{"line":45,"column":4},"end":{"line":49,"column":null}},{"start":{},"end":{}}]},"6":{"loc":{"start":{"line":74,"column":4},"end":{"line":83,"column":null}},"type":"if","locations":[{"start":{"line":74,"column":4},"end":{"line":83,"column":null}},{"start":{},"end":{}}]},"7":{"loc":{"start":{"line":75,"column":6},"end":{"line":81,"column":null}},"type":"if","locations":[{"start":{"line":75,"column":6},"end":{"line":81,"column":null}},{"start":{"line":81,"column":11},"end":{"line":81,"column":null}}]},"8":{"loc":{"start":{"line":132,"column":18},"end":{"line":133,"column":null}},"type":"if","locations":[{"start":{"line":132,"column":18},"end":{"line":133,"column":null}},{"start":{},"end":{}}]},"9":{"loc":{"start":{"line":132,"column":23},"end":{"line":132,"column":56}},"type":"binary-expr","locations":[{"start":{"line":132,"column":23},"end":{"line":132,"column":51}},{"start":{"line":132,"column":51},"end":{"line":132,"column":56}}]},"10":{"loc":{"start":{"line":141,"column":15},"end":{"line":185,"column":null}},"type":"binary-expr","locations":[{"start":{"line":141,"column":15},"end":{"line":141,"column":null}},{"start":{"line":142,"column":16},"end":{"line":185,"column":null}}]},"11":{"loc":{"start":{"line":163,"column":20},"end":{"line":185,"column":null}},"type":"cond-expr","locations":[{"start":{"line":164,"column":20},"end":{"line":178,"column":20}},{"start":{"line":178,"column":19},"end":{"line":185,"column":null}}]},"12":{"loc":{"start":{"line":163,"column":20},"end":{"line":163,"column":53}},"type":"binary-expr","locations":[{"start":{"line":163,"column":20},"end":{"line":163,"column":48}},{"start":{"line":163,"column":48},"end":{"line":163,"column":53}}]},"13":{"loc":{"start":{"line":175,"column":35},"end":{"line":175,"column":55}},"type":"binary-expr","locations":[{"start":{"line":175,"column":35},"end":{"line":175,"column":53}},{"start":{"line":175,"column":53},"end":{"line":175,"column":55}}]},"14":{"loc":{"start":{"line":175,"column":68},"end":{"line":175,"column":null}},"type":"binary-expr","locations":[{"start":{"line":175,"column":68},"end":{"line":175,"column":93}},{"start":{"line":175,"column":93},"end":{"line":175,"column":null}}]},"15":{"loc":{"start":{"line":195,"column":39},"end":{"line":195,"column":81}},"type":"cond-expr","locations":[{"start":{"line":195,"column":52},"end":{"line":195,"column":77}},{"start":{"line":195,"column":77},"end":{"line":195,"column":81}}]},"16":{"loc":{"start":{"line":201,"column":13},"end":{"line":233,"column":null}},"type":"binary-expr","locations":[{"start":{"line":201,"column":13},"end":{"line":201,"column":null}},{"start":{"line":202,"column":14},"end":{"line":233,"column":null}}]},"17":{"loc":{"start":{"line":203,"column":17},"end":{"line":233,"column":null}},"type":"cond-expr","locations":[{"start":{"line":204,"column":18},"end":{"line":228,"column":null}},{"start":{"line":228,"column":18},"end":{"line":233,"column":null}}]}},"s":{"0":97,"1":97,"2":97,"3":97,"4":97,"5":97,"6":97,"7":97,"8":97,"9":13,"10":15,"11":15,"12":14,"13":15,"14":2,"15":13,"16":13,"17":13,"18":97,"19":64,"20":6,"21":58,"22":58,"23":35,"24":35,"25":35,"26":23,"27":6,"28":6,"29":6,"30":0,"31":0,"32":23,"33":23,"34":97,"35":0,"36":0,"37":97,"38":3,"39":3,"40":3,"41":3,"42":1,"43":2,"44":3,"45":97,"46":46,"47":10,"48":0,"49":5,"50":1,"51":1,"52":1,"53":1,"54":1,"55":1,"56":1,"57":1,"58":0,"59":0,"60":0,"61":1,"62":1,"63":0,"64":0,"65":0,"66":74,"67":74},"f":{"0":97,"1":13,"2":15,"3":13,"4":64,"5":6,"6":6,"7":0,"8":23,"9":0,"10":3,"11":46,"12":10,"13":5,"14":1,"15":1,"16":0,"17":1,"18":1,"19":0,"20":0,"21":0,"22":74,"23":74},"b":{"0":[14,1],"1":[15,15],"2":[2,13],"3":[15,15],"4":[6,58],"5":[35,23],"6":[3,0],"7":[1,2],"8":[0,10],"9":[10,10],"10":[97,6],"11":[5,1],"12":[6,0],"13":[5,0],"14":[5,0],"15":[2,95],"16":[97,2],"17":[0,2]}}
,"C:/Users/falej/Documents/DAW/Proyecto/ProyectoFCT/Front/src/assets/componentes/Modals/Borrado/ModalBorrado.tsx": {"path":"C:/Users/falej/Documents/DAW/Proyecto/ProyectoFCT/Front/src/assets/componentes/Modals/Borrado/ModalBorrado.tsx","statementMap":{"0":{"start":{"line":10,"column":45},"end":{"line":40,"column":null}},"1":{"start":{"line":11,"column":4},"end":{"line":11,"column":null}},"2":{"start":{"line":11,"column":17},"end":{"line":11,"column":null}},"3":{"start":{"line":13,"column":4},"end":{"line":33,"column":null}},"4":{"start":{"line":16,"column":62},"end":{"line":16,"column":null}}},"fnMap":{"0":{"name":"(anonymous_0)","decl":{"start":{"line":10,"column":45},"end":{"line":10,"column":46}},"loc":{"start":{"line":10,"column":76},"end":{"line":40,"column":null}}},"1":{"name":"(anonymous_1)","decl":{"start":{"line":16,"column":55},"end":{"line":16,"column":56}},"loc":{"start":{"line":16,"column":62},"end":{"line":16,"column":null}}}},"branchMap":{"0":{"loc":{"start":{"line":11,"column":4},"end":{"line":11,"column":null}},"type":"if","locations":[{"start":{"line":11,"column":4},"end":{"line":11,"column":null}},{"start":{},"end":{}}]}},"s":{"0":2,"1":24,"2":16,"3":8,"4":5},"f":{"0":24,"1":5},"b":{"0":[16,8]}}
,"C:/Users/falej/Documents/DAW/Proyecto/ProyectoFCT/Front/src/assets/componentes/Modals/Media/ModalMedia.tsx": {"path":"C:/Users/falej/Documents/DAW/Proyecto/ProyectoFCT/Front/src/assets/componentes/Modals/Media/ModalMedia.tsx","statementMap":{"0":{"start":{"line":23,"column":19},"end":{"line":23,"column":null}},"1":{"start":{"line":25,"column":16},"end":{"line":39,"column":null}},"2":{"start":{"line":26,"column":4},"end":{"line":38,"column":null}},"3":{"start":{"line":27,"column":32},"end":{"line":31,"column":null}},"4":{"start":{"line":33,"column":36},"end":{"line":37,"column":null}},"5":{"start":{"line":41,"column":22},"end":{"line":41,"column":null}},"6":{"start":{"line":43,"column":2},"end":{"line":64,"column":null}},"7":{"start":{"line":44,"column":4},"end":{"line":46,"column":null}},"8":{"start":{"line":45,"column":6},"end":{"line":45,"column":null}},"9":{"start":{"line":47,"column":18},"end":{"line":47,"column":34}},"10":{"start":{"line":50,"column":4},"end":{"line":53,"column":null}},"11":{"start":{"line":51,"column":6},"end":{"line":51,"column":null}},"12":{"start":{"line":52,"column":6},"end":{"line":52,"column":null}},"13":{"start":{"line":56,"column":4},"end":{"line":63,"column":null}},"14":{"start":{"line":57,"column":18},"end":{"line":57,"column":null}},"15":{"start":{"line":58,"column":6},"end":{"line":58,"column":null}},"16":{"start":{"line":59,"column":6},"end":{"line":59,"column":null}},"17":{"start":{"line":60,"column":6},"end":{"line":62,"column":null}},"18":{"start":{"line":61,"column":8},"end":{"line":61,"column":null}},"19":{"start":{"line":66,"column":24},"end":{"line":66,"column":null}},"20":{"start":{"line":67,"column":20},"end":{"line":67,"column":null}},"21":{"start":{"line":68,"column":16},"end":{"line":70,"column":null}},"22":{"start":{"line":74,"column":23},"end":{"line":74,"column":null}},"23":{"start":{"line":76,"column":2},"end":{"line":76,"column":null}},"24":{"start":{"line":76,"column":28},"end":{"line":76,"column":null}},"25":{"start":{"line":77,"column":2},"end":{"line":77,"column":null}},"26":{"start":{"line":77,"column":26},"end":{"line":77,"column":null}},"27":{"start":{"line":78,"column":2},"end":{"line":78,"column":null}},"28":{"start":{"line":78,"column":20},"end":{"line":78,"column":null}},"29":{"start":{"line":80,"column":21},"end":{"line":84,"column":null}},"30":{"start":{"line":81,"column":4},"end":{"line":81,"column":null}},"31":{"start":{"line":82,"column":21},"end":{"line":82,"column":null}},"32":{"start":{"line":83,"column":4},"end":{"line":83,"column":null}},"33":{"start":{"line":86,"column":21},"end":{"line":90,"column":null}},"34":{"start":{"line":87,"column":4},"end":{"line":87,"column":null}},"35":{"start":{"line":88,"column":21},"end":{"line":88,"column":null}},"36":{"start":{"line":89,"column":4},"end":{"line":89,"column":null}},"37":{"start":{"line":92,"column":2},"end":{"line":135,"column":null}},"38":{"start":{"line":102,"column":59},"end":{"line":102,"column":null}},"39":{"start":{"line":113,"column":30},"end":{"line":113,"column":null}},"40":{"start":{"line":115,"column":12},"end":{"line":117,"column":null}},"41":{"start":{"line":119,"column":31},"end":{"line":119,"column":null}}},"fnMap":{"0":{"name":"ModalMedia","decl":{"start":{"line":16,"column":9},"end":{"line":16,"column":20}},"loc":{"start":{"line":22,"column":13},"end":{"line":140,"column":null}}},"1":{"name":"(anonymous_1)","decl":{"start":{"line":25,"column":24},"end":{"line":25,"column":null}},"loc":{"start":{"line":25,"column":24},"end":{"line":39,"column":5}}},"2":{"name":"(anonymous_2)","decl":{"start":{"line":27,"column":20},"end":{"line":27,"column":21}},"loc":{"start":{"line":27,"column":32},"end":{"line":31,"column":null}}},"3":{"name":"(anonymous_3)","decl":{"start":{"line":33,"column":22},"end":{"line":33,"column":23}},"loc":{"start":{"line":33,"column":36},"end":{"line":37,"column":null}}},"4":{"name":"(anonymous_4)","decl":{"start":{"line":43,"column":12},"end":{"line":43,"column":null}},"loc":{"start":{"line":43,"column":12},"end":{"line":64,"column":5}}},"5":{"name":"(anonymous_5)","decl":{"start":{"line":60,"column":13},"end":{"line":60,"column":null}},"loc":{"start":{"line":60,"column":13},"end":{"line":62,"column":null}}},"6":{"name":"(anonymous_6)","decl":{"start":{"line":80,"column":21},"end":{"line":80,"column":22}},"loc":{"start":{"line":80,"column":22},"end":{"line":84,"column":null}}},"7":{"name":"(anonymous_7)","decl":{"start":{"line":86,"column":21},"end":{"line":86,"column":22}},"loc":{"start":{"line":86,"column":22},"end":{"line":90,"column":null}}},"8":{"name":"(anonymous_8)","decl":{"start":{"line":102,"column":52},"end":{"line":102,"column":53}},"loc":{"start":{"line":102,"column":59},"end":{"line":102,"column":null}}},"9":{"name":"(anonymous_9)","decl":{"start":{"line":112,"column":28},"end":{"line":112,"column":29}},"loc":{"start":{"line":112,"column":35},"end":{"line":131,"column":null}}},"10":{"name":"(anonymous_10)","decl":{"start":{"line":119,"column":25},"end":{"line":119,"column":31}},"loc":{"start":{"line":119,"column":31},"end":{"line":119,"column":null}}}},"branchMap":{"0":{"loc":{"start":{"line":17,"column":2},"end":{"line":17,"column":13}},"type":"default-arg","locations":[{"start":{"line":17,"column":11},"end":{"line":17,"column":13}}]},"1":{"loc":{"start":{"line":18,"column":2},"end":{"line":18,"column":15}},"type":"default-arg","locations":[{"start":{"line":18,"column":13},"end":{"line":18,"column":15}}]},"2":{"loc":{"start":{"line":29,"column":13},"end":{"line":29,"column":null}},"type":"binary-expr","locations":[{"start":{"line":29,"column":13},"end":{"line":29,"column":24}},{"start":{"line":29,"column":28},"end":{"line":29,"column":null}}]},"3":{"loc":{"start":{"line":41,"column":22},"end":{"line":41,"column":null}},"type":"cond-expr","locations":[{"start":{"line":41,"column":45},"end":{"line":41,"column":63}},{"start":{"line":41,"column":66},"end":{"line":41,"column":null}}]},"4":{"loc":{"start":{"line":44,"column":4},"end":{"line":46,"column":null}},"type":"if","locations":[{"start":{"line":44,"column":4},"end":{"line":46,"column":null}},{"start":{},"end":{}}]},"5":{"loc":{"start":{"line":44,"column":8},"end":{"line":44,"column":73}},"type":"binary-expr","locations":[{"start":{"line":44,"column":8},"end":{"line":44,"column":24}},{"start":{"line":44,"column":24},"end":{"line":44,"column":56}},{"start":{"line":44,"column":56},"end":{"line":44,"column":73}}]},"6":{"loc":{"start":{"line":50,"column":4},"end":{"line":53,"column":null}},"type":"if","locations":[{"start":{"line":50,"column":4},"end":{"line":53,"column":null}},{"start":{},"end":{}}]},"7":{"loc":{"start":{"line":56,"column":4},"end":{"line":63,"column":null}},"type":"if","locations":[{"start":{"line":56,"column":4},"end":{"line":63,"column":null}},{"start":{},"end":{}}]},"8":{"loc":{"start":{"line":67,"column":20},"end":{"line":67,"column":null}},"type":"binary-expr","locations":[{"start":{"line":67,"column":20},"end":{"line":67,"column":35}},{"start":{"line":67,"column":35},"end":{"line":67,"column":null}}]},"9":{"loc":{"start":{"line":76,"column":2},"end":{"line":76,"column":null}},"type":"if","locations":[{"start":{"line":76,"column":2},"end":{"line":76,"column":null}},{"start":{},"end":{}}]},"10":{"loc":{"start":{"line":77,"column":2},"end":{"line":77,"column":null}},"type":"if","locations":[{"start":{"line":77,"column":2},"end":{"line":77,"column":null}},{"start":{},"end":{}}]},"11":{"loc":{"start":{"line":78,"column":2},"end":{"line":78,"column":null}},"type":"if","locations":[{"start":{"line":78,"column":2},"end":{"line":78,"column":null}},{"start":{},"end":{}}]},"12":{"loc":{"start":{"line":82,"column":21},"end":{"line":82,"column":null}},"type":"cond-expr","locations":[{"start":{"line":82,"column":41},"end":{"line":82,"column":60}},{"start":{"line":82,"column":60},"end":{"line":82,"column":null}}]},"13":{"loc":{"start":{"line":88,"column":21},"end":{"line":88,"column":null}},"type":"cond-expr","locations":[{"start":{"line":88,"column":56},"end":{"line":88,"column":60}},{"start":{"line":88,"column":60},"end":{"line":88,"column":null}}]},"14":{"loc":{"start":{"line":104,"column":11},"end":{"line":107,"column":null}},"type":"cond-expr","locations":[{"start":{"line":105,"column":12},"end":{"line":107,"column":13}},{"start":{"line":107,"column":12},"end":{"line":107,"column":null}}]},"15":{"loc":{"start":{"line":118,"column":46},"end":{"line":118,"column":89}},"type":"cond-expr","locations":[{"start":{"line":118,"column":74},"end":{"line":118,"column":85}},{"start":{"line":118,"column":85},"end":{"line":118,"column":89}}]},"16":{"loc":{"start":{"line":121,"column":17},"end":{"line":125,"column":null}},"type":"binary-expr","locations":[{"start":{"line":121,"column":17},"end":{"line":121,"column":null}},{"start":{"line":122,"column":18},"end":{"line":125,"column":null}}]}},"s":{"0":12,"1":12,"2":12,"3":11,"4":22,"5":12,"6":12,"7":12,"8":6,"9":6,"10":6,"11":0,"12":0,"13":6,"14":6,"15":6,"16":6,"17":6,"18":6,"19":12,"20":12,"21":12,"22":12,"23":12,"24":1,"25":11,"26":1,"27":10,"28":0,"29":10,"30":2,"31":2,"32":2,"33":10,"34":2,"35":2,"36":2,"37":10,"38":1,"39":30,"40":30,"41":1},"f":{"0":12,"1":12,"2":11,"3":22,"4":12,"5":6,"6":2,"7":2,"8":1,"9":30,"10":1},"b":{"0":[0],"1":[0],"2":[11,0],"3":[11,1],"4":[6,6],"5":[12,10,6],"6":[0,6],"7":[6,0],"8":[12,1],"9":[1,11],"10":[1,10],"11":[0,10],"12":[1,1],"13":[1,1],"14":[6,4],"15":[10,20],"16":[30,10]}}
,"C:/Users/falej/Documents/DAW/Proyecto/ProyectoFCT/Front/src/assets/componentes/OfertaLista/OfertasLista.tsx": {"path":"C:/Users/falej/Documents/DAW/Proyecto/ProyectoFCT/Front/src/assets/componentes/OfertaLista/OfertasLista.tsx","statementMap":{"0":{"start":{"line":17,"column":2},"end":{"line":31,"column":null}},"1":{"start":{"line":23,"column":10},"end":{"line":31,"column":null}}},"fnMap":{"0":{"name":"OfertasLista","decl":{"start":{"line":6,"column":9},"end":{"line":6,"column":22}},"loc":{"start":{"line":16,"column":1},"end":{"line":39,"column":null}}},"1":{"name":"(anonymous_1)","decl":{"start":{"line":22,"column":21},"end":{"line":22,"column":22}},"loc":{"start":{"line":23,"column":10},"end":{"line":31,"column":null}}}},"branchMap":{"0":{"loc":{"start":{"line":7,"column":2},"end":{"line":7,"column":14}},"type":"default-arg","locations":[{"start":{"line":7,"column":12},"end":{"line":7,"column":14}}]},"1":{"loc":{"start":{"line":8,"column":2},"end":{"line":8,"column":14}},"type":"default-arg","locations":[{"start":{"line":8,"column":13},"end":{"line":8,"column":14}}]},"2":{"loc":{"start":{"line":9,"column":2},"end":{"line":9,"column":15}},"type":"default-arg","locations":[{"start":{"line":9,"column":11},"end":{"line":9,"column":15}}]},"3":{"loc":{"start":{"line":10,"column":2},"end":{"line":10,"column":18}},"type":"default-arg","locations":[{"start":{"line":10,"column":13},"end":{"line":10,"column":18}}]},"4":{"loc":{"start":{"line":23,"column":10},"end":{"line":31,"column":null}},"type":"cond-expr","locations":[{"start":{"line":24,"column":10},"end":{"line":30,"column":12}},{"start":{"line":30,"column":11},"end":{"line":31,"column":null}}]}},"s":{"0":5,"1":8},"f":{"0":5,"1":8},"b":{"0":[0],"1":[4],"2":[5],"3":[4],"4":[2,6]}}
,"C:/Users/falej/Documents/DAW/Proyecto/ProyectoFCT/Front/src/assets/componentes/OfertaTarjeta/OfertaTarjeta.tsx": {"path":"C:/Users/falej/Documents/DAW/Proyecto/ProyectoFCT/Front/src/assets/componentes/OfertaTarjeta/OfertaTarjeta.tsx","statementMap":{"0":{"start":{"line":17,"column":2},"end":{"line":91,"column":null}}},"fnMap":{"0":{"name":"OfertaTarjeta","decl":{"start":{"line":8,"column":9},"end":{"line":8,"column":23}},"loc":{"start":{"line":16,"column":1},"end":{"line":99,"column":null}}}},"branchMap":{"0":{"loc":{"start":{"line":10,"column":2},"end":{"line":10,"column":15}},"type":"default-arg","locations":[{"start":{"line":10,"column":11},"end":{"line":10,"column":15}}]},"1":{"loc":{"start":{"line":11,"column":2},"end":{"line":11,"column":11}},"type":"default-arg","locations":[{"start":{"line":11,"column":10},"end":{"line":11,"column":11}}]},"2":{"loc":{"start":{"line":33,"column":12},"end":{"line":33,"column":null}},"type":"cond-expr","locations":[{"start":{"line":33,"column":32},"end":{"line":33,"column":61}},{"start":{"line":33,"column":64},"end":{"line":33,"column":null}}]},"3":{"loc":{"start":{"line":37,"column":11},"end":{"line":37,"column":null}},"type":"binary-expr","locations":[{"start":{"line":37,"column":11},"end":{"line":37,"column":21}},{"start":{"line":37,"column":21},"end":{"line":37,"column":null}}]},"4":{"loc":{"start":{"line":39,"column":13},"end":{"line":39,"column":null}},"type":"binary-expr","locations":[{"start":{"line":39,"column":13},"end":{"line":39,"column":24}},{"start":{"line":39,"column":24},"end":{"line":39,"column":null}}]},"5":{"loc":{"start":{"line":43,"column":19},"end":{"line":43,"column":null}},"type":"binary-expr","locations":[{"start":{"line":43,"column":19},"end":{"line":43,"column":35}},{"start":{"line":43,"column":39},"end":{"line":43,"column":null}}]},"6":{"loc":{"start":{"line":44,"column":19},"end":{"line":44,"column":null}},"type":"binary-expr","locations":[{"start":{"line":44,"column":19},"end":{"line":44,"column":32}},{"start":{"line":44,"column":36},"end":{"line":44,"column":null}}]},"7":{"loc":{"start":{"line":45,"column":37},"end":{"line":45,"column":62}},"type":"cond-expr","locations":[{"start":{"line":45,"column":47},"end":{"line":45,"column":58}},{"start":{"line":45,"column":58},"end":{"line":45,"column":62}}]},"8":{"loc":{"start":{"line":48,"column":13},"end":{"line":53,"column":null}},"type":"binary-expr","locations":[{"start":{"line":48,"column":13},"end":{"line":48,"column":26}},{"start":{"line":49,"column":14},"end":{"line":53,"column":null}}]},"9":{"loc":{"start":{"line":61,"column":19},"end":{"line":61,"column":null}},"type":"cond-expr","locations":[{"start":{"line":61,"column":28},"end":{"line":61,"column":58}},{"start":{"line":61,"column":58},"end":{"line":61,"column":null}}]},"10":{"loc":{"start":{"line":61,"column":28},"end":{"line":61,"column":58}},"type":"binary-expr","locations":[{"start":{"line":61,"column":28},"end":{"line":61,"column":41}},{"start":{"line":61,"column":45},"end":{"line":61,"column":58}}]},"11":{"loc":{"start":{"line":62,"column":15},"end":{"line":80,"column":null}},"type":"cond-expr","locations":[{"start":{"line":63,"column":16},"end":{"line":77,"column":null}},{"start":{"line":80,"column":16},"end":{"line":80,"column":null}}]},"12":{"loc":{"start":{"line":63,"column":16},"end":{"line":77,"column":null}},"type":"cond-expr","locations":[{"start":{"line":64,"column":18},"end":{"line":77,"column":null}},{"start":{"line":77,"column":18},"end":{"line":77,"column":null}}]},"13":{"loc":{"start":{"line":87,"column":17},"end":{"line":91,"column":null}},"type":"cond-expr","locations":[{"start":{"line":88,"column":20},"end":{"line":90,"column":null}},{"start":{"line":91,"column":20},"end":{"line":91,"column":null}}]},"14":{"loc":{"start":{"line":88,"column":20},"end":{"line":90,"column":null}},"type":"cond-expr","locations":[{"start":{"line":89,"column":22},"end":{"line":89,"column":null}},{"start":{"line":90,"column":22},"end":{"line":90,"column":null}}]}},"s":{"0":15},"f":{"0":15},"b":{"0":[13],"1":[0],"2":[14,1],"3":[15,13],"4":[15,2],"5":[15,1],"6":[15,1],"7":[2,13],"8":[15,14],"9":[13,2],"10":[13,1],"11":[13,2],"12":[12,1],"13":[13,2],"14":[12,1]}}
,"C:/Users/falej/Documents/DAW/Proyecto/ProyectoFCT/Front/src/assets/componentes/Paginator/Paginator.tsx": {"path":"C:/Users/falej/Documents/DAW/Proyecto/ProyectoFCT/Front/src/assets/componentes/Paginator/Paginator.tsx","statementMap":{"0":{"start":{"line":7,"column":2},"end":{"line":7,"column":null}},"1":{"start":{"line":7,"column":23},"end":{"line":7,"column":null}},"2":{"start":{"line":9,"column":16},"end":{"line":9,"column":null}},"3":{"start":{"line":10,"column":2},"end":{"line":52,"column":null}},"4":{"start":{"line":15,"column":10},"end":{"line":18,"column":null}},"5":{"start":{"line":16,"column":12},"end":{"line":16,"column":null}},"6":{"start":{"line":17,"column":12},"end":{"line":17,"column":null}},"7":{"start":{"line":25,"column":8},"end":{"line":31,"column":null}},"8":{"start":{"line":34,"column":14},"end":{"line":34,"column":null}},"9":{"start":{"line":35,"column":14},"end":{"line":35,"column":null}},"10":{"start":{"line":35,"column":37},"end":{"line":35,"column":null}},"11":{"start":{"line":46,"column":10},"end":{"line":49,"column":null}},"12":{"start":{"line":47,"column":12},"end":{"line":47,"column":null}},"13":{"start":{"line":48,"column":12},"end":{"line":48,"column":null}},"14":{"start":{"line":61,"column":36},"end":{"line":61,"column":38}},"15":{"start":{"line":63,"column":14},"end":{"line":63,"column":null}},"16":{"start":{"line":63,"column":37},"end":{"line":63,"column":null}},"17":{"start":{"line":65,"column":2},"end":{"line":65,"column":null}},"18":{"start":{"line":67,"column":2},"end":{"line":72,"column":null}},"19":{"start":{"line":68,"column":4},"end":{"line":68,"column":null}},"20":{"start":{"line":68,"column":17},"end":{"line":68,"column":20}},"21":{"start":{"line":68,"column":50},"end":{"line":68,"column":null}},"22":{"start":{"line":69,"column":4},"end":{"line":69,"column":null}},"23":{"start":{"line":69,"column":19},"end":{"line":69,"column":null}},"24":{"start":{"line":70,"column":4},"end":{"line":70,"column":null}},"25":{"start":{"line":70,"column":19},"end":{"line":70,"column":null}},"26":{"start":{"line":71,"column":4},"end":{"line":71,"column":null}},"27":{"start":{"line":74,"column":2},"end":{"line":80,"column":null}},"28":{"start":{"line":75,"column":4},"end":{"line":75,"column":null}},"29":{"start":{"line":76,"column":4},"end":{"line":78,"column":null}},"30":{"start":{"line":76,"column":17},"end":{"line":76,"column":28}},"31":{"start":{"line":77,"column":6},"end":{"line":77,"column":null}},"32":{"start":{"line":77,"column":17},"end":{"line":77,"column":null}},"33":{"start":{"line":79,"column":4},"end":{"line":79,"column":null}},"34":{"start":{"line":82,"column":2},"end":{"line":82,"column":null}},"35":{"start":{"line":83,"column":2},"end":{"line":83,"column":null}},"36":{"start":{"line":84,"column":2},"end":{"line":84,"column":null}},"37":{"start":{"line":85,"column":2},"end":{"line":85,"column":null}},"38":{"start":{"line":86,"column":2},"end":{"line":86,"column":null}},"39":{"start":{"line":87,"column":2},"end":{"line":87,"column":null}},"40":{"start":{"line":89,"column":2},"end":{"line":89,"column":null}}},"fnMap":{"0":{"name":"Paginator","decl":{"start":{"line":6,"column":9},"end":{"line":6,"column":19}},"loc":{"start":{"line":6,"column":76},"end":{"line":56,"column":null}}},"1":{"name":"(anonymous_1)","decl":{"start":{"line":14,"column":17},"end":{"line":14,"column":null}},"loc":{"start":{"line":14,"column":17},"end":{"line":19,"column":null}}},"2":{"name":"(anonymous_2)","decl":{"start":{"line":24,"column":17},"end":{"line":24,"column":18}},"loc":{"start":{"line":25,"column":8},"end":{"line":31,"column":null}}},"3":{"name":"(anonymous_3)","decl":{"start":{"line":33,"column":21},"end":{"line":33,"column":null}},"loc":{"start":{"line":33,"column":21},"end":{"line":36,"column":null}}},"4":{"name":"(anonymous_4)","decl":{"start":{"line":45,"column":17},"end":{"line":45,"column":null}},"loc":{"start":{"line":45,"column":17},"end":{"line":50,"column":null}}},"5":{"name":"buildPages","decl":{"start":{"line":60,"column":9},"end":{"line":60,"column":20}},"loc":{"start":{"line":60,"column":50},"end":{"line":90,"column":null}}},"6":{"name":"(anonymous_6)","decl":{"start":{"line":63,"column":14},"end":{"line":63,"column":15}},"loc":{"start":{"line":63,"column":37},"end":{"line":63,"column":null}}}},"branchMap":{"0":{"loc":{"start":{"line":7,"column":2},"end":{"line":7,"column":null}},"type":"if","locations":[{"start":{"line":7,"column":2},"end":{"line":7,"column":null}},{"start":{},"end":{}}]},"1":{"loc":{"start":{"line":13,"column":33},"end":{"line":13,"column":70}},"type":"cond-expr","locations":[{"start":{"line":13,"column":53},"end":{"line":13,"column":66}},{"start":{"line":13,"column":66},"end":{"line":13,"column":70}}]},"2":{"loc":{"start":{"line":15,"column":10},"end":{"line":18,"column":null}},"type":"if","locations":[{"start":{"line":15,"column":10},"end":{"line":18,"column":null}},{"start":{},"end":{}}]},"3":{"loc":{"start":{"line":25,"column":8},"end":{"line":31,"column":null}},"type":"cond-expr","locations":[{"start":{"line":26,"column":10},"end":{"line":30,"column":11}},{"start":{"line":30,"column":10},"end":{"line":31,"column":null}}]},"4":{"loc":{"start":{"line":32,"column":23},"end":{"line":32,"column":null}},"type":"cond-expr","locations":[{"start":{"line":32,"column":43},"end":{"line":32,"column":54}},{"start":{"line":32,"column":54},"end":{"line":32,"column":null}}]},"5":{"loc":{"start":{"line":35,"column":14},"end":{"line":35,"column":null}},"type":"if","locations":[{"start":{"line":35,"column":14},"end":{"line":35,"column":null}},{"start":{},"end":{}}]},"6":{"loc":{"start":{"line":44,"column":33},"end":{"line":44,"column":79}},"type":"cond-expr","locations":[{"start":{"line":44,"column":62},"end":{"line":44,"column":75}},{"start":{"line":44,"column":75},"end":{"line":44,"column":79}}]},"7":{"loc":{"start":{"line":46,"column":10},"end":{"line":49,"column":null}},"type":"if","locations":[{"start":{"line":46,"column":10},"end":{"line":49,"column":null}},{"start":{},"end":{}}]},"8":{"loc":{"start":{"line":67,"column":2},"end":{"line":72,"column":null}},"type":"if","locations":[{"start":{"line":67,"column":2},"end":{"line":72,"column":null}},{"start":{},"end":{}}]},"9":{"loc":{"start":{"line":69,"column":4},"end":{"line":69,"column":null}},"type":"if","locations":[{"start":{"line":69,"column":4},"end":{"line":69,"column":null}},{"start":{},"end":{}}]},"10":{"loc":{"start":{"line":70,"column":4},"end":{"line":70,"column":null}},"type":"if","locations":[{"start":{"line":70,"column":4},"end":{"line":70,"column":null}},{"start":{},"end":{}}]},"11":{"loc":{"start":{"line":74,"column":2},"end":{"line":80,"column":null}},"type":"if","locations":[{"start":{"line":74,"column":2},"end":{"line":80,"column":null}},{"start":{},"end":{}}]},"12":{"loc":{"start":{"line":77,"column":6},"end":{"line":77,"column":null}},"type":"if","locations":[{"start":{"line":77,"column":6},"end":{"line":77,"column":null}},{"start":{},"end":{}}]}},"s":{"0":14,"1":1,"2":13,"3":13,"4":2,"5":1,"6":1,"7":79,"8":2,"9":2,"10":1,"11":2,"12":1,"13":1,"14":13,"15":13,"16":79,"17":13,"18":13,"19":9,"20":9,"21":27,"22":9,"23":9,"24":9,"25":9,"26":9,"27":4,"28":3,"29":3,"30":3,"31":12,"32":12,"33":3,"34":1,"35":1,"36":1,"37":1,"38":1,"39":1,"40":1},"f":{"0":14,"1":2,"2":79,"3":2,"4":2,"5":13,"6":79},"b":{"0":[1,13],"1":[4,9],"2":[1,1],"3":[14,65],"4":[13,52],"5":[1,1],"6":[2,11],"7":[1,1],"8":[9,4],"9":[9,0],"10":[9,0],"11":[3,1],"12":[12,0]}}
,"C:/Users/falej/Documents/DAW/Proyecto/ProyectoFCT/Front/src/assets/componentes/PanelFiltros/PanelFiltros.tsx": {"path":"C:/Users/falej/Documents/DAW/Proyecto/ProyectoFCT/Front/src/assets/componentes/PanelFiltros/PanelFiltros.tsx","statementMap":{"0":{"start":{"line":21,"column":40},"end":{"line":21,"column":null}},"1":{"start":{"line":22,"column":40},"end":{"line":22,"column":null}},"2":{"start":{"line":24,"column":2},"end":{"line":27,"column":null}},"3":{"start":{"line":25,"column":4},"end":{"line":25,"column":null}},"4":{"start":{"line":26,"column":4},"end":{"line":26,"column":null}},"5":{"start":{"line":29,"column":2},"end":{"line":40,"column":null}},"6":{"start":{"line":30,"column":20},"end":{"line":37,"column":null}},"7":{"start":{"line":31,"column":20},"end":{"line":31,"column":null}},"8":{"start":{"line":32,"column":6},"end":{"line":32,"column":null}},"9":{"start":{"line":32,"column":70},"end":{"line":32,"column":null}},"10":{"start":{"line":34,"column":6},"end":{"line":36,"column":null}},"11":{"start":{"line":39,"column":4},"end":{"line":39,"column":null}},"12":{"start":{"line":39,"column":17},"end":{"line":39,"column":null}},"13":{"start":{"line":42,"column":23},"end":{"line":53,"column":null}},"14":{"start":{"line":43,"column":19},"end":{"line":43,"column":42}},"15":{"start":{"line":45,"column":18},"end":{"line":47,"column":null}},"16":{"start":{"line":46,"column":29},"end":{"line":46,"column":null}},"17":{"start":{"line":49,"column":4},"end":{"line":52,"column":null}},"18":{"start":{"line":55,"column":21},"end":{"line":66,"column":null}},"19":{"start":{"line":56,"column":19},"end":{"line":56,"column":38}},"20":{"start":{"line":58,"column":18},"end":{"line":60,"column":null}},"21":{"start":{"line":59,"column":29},"end":{"line":59,"column":null}},"22":{"start":{"line":62,"column":4},"end":{"line":65,"column":null}},"23":{"start":{"line":68,"column":23},"end":{"line":73,"column":null}},"24":{"start":{"line":69,"column":4},"end":{"line":72,"column":null}},"25":{"start":{"line":75,"column":23},"end":{"line":82,"column":null}},"26":{"start":{"line":76,"column":4},"end":{"line":76,"column":null}},"27":{"start":{"line":78,"column":4},"end":{"line":81,"column":null}},"28":{"start":{"line":84,"column":2},"end":{"line":210,"column":34}},"29":{"start":{"line":100,"column":27},"end":{"line":100,"column":null}},"30":{"start":{"line":116,"column":29},"end":{"line":116,"column":null}},"31":{"start":{"line":128,"column":29},"end":{"line":128,"column":null}},"32":{"start":{"line":143,"column":29},"end":{"line":143,"column":null}},"33":{"start":{"line":144,"column":29},"end":{"line":144,"column":null}},"34":{"start":{"line":145,"column":30},"end":{"line":145,"column":null}},"35":{"start":{"line":159,"column":10},"end":{"line":160,"column":null}},"36":{"start":{"line":167,"column":30},"end":{"line":167,"column":null}},"37":{"start":{"line":180,"column":10},"end":{"line":180,"column":28}},"38":{"start":{"line":185,"column":31},"end":{"line":185,"column":52}},"39":{"start":{"line":187,"column":30},"end":{"line":189,"column":null}},"40":{"start":{"line":188,"column":41},"end":{"line":188,"column":51}},"41":{"start":{"line":191,"column":16},"end":{"line":194,"column":null}},"42":{"start":{"line":210,"column":10},"end":{"line":210,"column":34}},"43":{"start":{"line":214,"column":30},"end":{"line":214,"column":null}}},"fnMap":{"0":{"name":"PanelFiltros","decl":{"start":{"line":8,"column":9},"end":{"line":8,"column":22}},"loc":{"start":{"line":20,"column":1},"end":{"line":223,"column":null}}},"1":{"name":"(anonymous_1)","decl":{"start":{"line":24,"column":12},"end":{"line":24,"column":null}},"loc":{"start":{"line":24,"column":12},"end":{"line":27,"column":5}}},"2":{"name":"(anonymous_2)","decl":{"start":{"line":29,"column":12},"end":{"line":29,"column":null}},"loc":{"start":{"line":29,"column":12},"end":{"line":40,"column":5}}},"3":{"name":"(anonymous_3)","decl":{"start":{"line":30,"column":31},"end":{"line":30,"column":null}},"loc":{"start":{"line":30,"column":31},"end":{"line":37,"column":7}}},"4":{"name":"(anonymous_4)","decl":{"start":{"line":39,"column":11},"end":{"line":39,"column":17}},"loc":{"start":{"line":39,"column":17},"end":{"line":39,"column":null}}},"5":{"name":"(anonymous_5)","decl":{"start":{"line":42,"column":23},"end":{"line":42,"column":24}},"loc":{"start":{"line":42,"column":24},"end":{"line":53,"column":null}}},"6":{"name":"(anonymous_6)","decl":{"start":{"line":46,"column":22},"end":{"line":46,"column":23}},"loc":{"start":{"line":46,"column":29},"end":{"line":46,"column":null}}},"7":{"name":"(anonymous_7)","decl":{"start":{"line":55,"column":21},"end":{"line":55,"column":22}},"loc":{"start":{"line":55,"column":22},"end":{"line":66,"column":null}}},"8":{"name":"(anonymous_8)","decl":{"start":{"line":59,"column":22},"end":{"line":59,"column":23}},"loc":{"start":{"line":59,"column":29},"end":{"line":59,"column":null}}},"9":{"name":"(anonymous_9)","decl":{"start":{"line":68,"column":23},"end":{"line":68,"column":24}},"loc":{"start":{"line":68,"column":56},"end":{"line":73,"column":null}}},"10":{"name":"(anonymous_10)","decl":{"start":{"line":75,"column":23},"end":{"line":75,"column":24}},"loc":{"start":{"line":75,"column":24},"end":{"line":82,"column":null}}},"11":{"name":"(anonymous_11)","decl":{"start":{"line":100,"column":20},"end":{"line":100,"column":21}},"loc":{"start":{"line":100,"column":27},"end":{"line":100,"column":null}}},"12":{"name":"(anonymous_12)","decl":{"start":{"line":116,"column":22},"end":{"line":116,"column":23}},"loc":{"start":{"line":116,"column":29},"end":{"line":116,"column":null}}},"13":{"name":"(anonymous_13)","decl":{"start":{"line":128,"column":22},"end":{"line":128,"column":23}},"loc":{"start":{"line":128,"column":29},"end":{"line":128,"column":null}}},"14":{"name":"(anonymous_14)","decl":{"start":{"line":143,"column":22},"end":{"line":143,"column":23}},"loc":{"start":{"line":143,"column":29},"end":{"line":143,"column":null}}},"15":{"name":"(anonymous_15)","decl":{"start":{"line":144,"column":23},"end":{"line":144,"column":29}},"loc":{"start":{"line":144,"column":29},"end":{"line":144,"column":null}}},"16":{"name":"(anonymous_16)","decl":{"start":{"line":145,"column":24},"end":{"line":145,"column":30}},"loc":{"start":{"line":145,"column":30},"end":{"line":145,"column":null}}},"17":{"name":"(anonymous_17)","decl":{"start":{"line":158,"column":19},"end":{"line":158,"column":20}},"loc":{"start":{"line":159,"column":10},"end":{"line":160,"column":null}}},"18":{"name":"(anonymous_18)","decl":{"start":{"line":167,"column":24},"end":{"line":167,"column":30}},"loc":{"start":{"line":167,"column":30},"end":{"line":167,"column":null}}},"19":{"name":"(anonymous_19)","decl":{"start":{"line":179,"column":21},"end":{"line":179,"column":22}},"loc":{"start":{"line":180,"column":10},"end":{"line":180,"column":28}}},"20":{"name":"(anonymous_20)","decl":{"start":{"line":184,"column":24},"end":{"line":184,"column":null}},"loc":{"start":{"line":184,"column":24},"end":{"line":195,"column":null}}},"21":{"name":"(anonymous_21)","decl":{"start":{"line":188,"column":34},"end":{"line":188,"column":35}},"loc":{"start":{"line":188,"column":41},"end":{"line":188,"column":51}}},"22":{"name":"(anonymous_22)","decl":{"start":{"line":209,"column":21},"end":{"line":209,"column":22}},"loc":{"start":{"line":210,"column":10},"end":{"line":210,"column":34}}},"23":{"name":"(anonymous_23)","decl":{"start":{"line":214,"column":24},"end":{"line":214,"column":30}},"loc":{"start":{"line":214,"column":30},"end":{"line":214,"column":null}}}},"branchMap":{"0":{"loc":{"start":{"line":11,"column":2},"end":{"line":11,"column":17}},"type":"default-arg","locations":[{"start":{"line":11,"column":14},"end":{"line":11,"column":17}}]},"1":{"loc":{"start":{"line":21,"column":49},"end":{"line":21,"column":null}},"type":"binary-expr","locations":[{"start":{"line":21,"column":49},"end":{"line":21,"column":63}},{"start":{"line":21,"column":67},"end":{"line":21,"column":null}}]},"2":{"loc":{"start":{"line":22,"column":49},"end":{"line":22,"column":null}},"type":"binary-expr","locations":[{"start":{"line":22,"column":49},"end":{"line":22,"column":66}},{"start":{"line":22,"column":70},"end":{"line":22,"column":null}}]},"3":{"loc":{"start":{"line":25,"column":19},"end":{"line":25,"column":null}},"type":"binary-expr","locations":[{"start":{"line":25,"column":19},"end":{"line":25,"column":33}},{"start":{"line":25,"column":37},"end":{"line":25,"column":null}}]},"4":{"loc":{"start":{"line":26,"column":19},"end":{"line":26,"column":null}},"type":"binary-expr","locations":[{"start":{"line":26,"column":19},"end":{"line":26,"column":36}},{"start":{"line":26,"column":40},"end":{"line":26,"column":null}}]},"5":{"loc":{"start":{"line":32,"column":6},"end":{"line":32,"column":null}},"type":"if","locations":[{"start":{"line":32,"column":6},"end":{"line":32,"column":null}},{"start":{},"end":{}}]},"6":{"loc":{"start":{"line":32,"column":30},"end":{"line":32,"column":66}},"type":"cond-expr","locations":[{"start":{"line":32,"column":50},"end":{"line":32,"column":58}},{"start":{"line":32,"column":58},"end":{"line":32,"column":66}}]},"7":{"loc":{"start":{"line":35,"column":16},"end":{"line":35,"column":null}},"type":"cond-expr","locations":[{"start":{"line":35,"column":36},"end":{"line":35,"column":44}},{"start":{"line":35,"column":44},"end":{"line":35,"column":null}}]},"8":{"loc":{"start":{"line":43,"column":19},"end":{"line":43,"column":42}},"type":"binary-expr","locations":[{"start":{"line":43,"column":19},"end":{"line":43,"column":36}},{"start":{"line":43,"column":40},"end":{"line":43,"column":42}}]},"9":{"loc":{"start":{"line":45,"column":18},"end":{"line":47,"column":null}},"type":"cond-expr","locations":[{"start":{"line":46,"column":8},"end":{"line":46,"column":null}},{"start":{"line":47,"column":8},"end":{"line":47,"column":null}}]},"10":{"loc":{"start":{"line":56,"column":19},"end":{"line":56,"column":38}},"type":"binary-expr","locations":[{"start":{"line":56,"column":19},"end":{"line":56,"column":32}},{"start":{"line":56,"column":36},"end":{"line":56,"column":38}}]},"11":{"loc":{"start":{"line":58,"column":18},"end":{"line":60,"column":null}},"type":"cond-expr","locations":[{"start":{"line":59,"column":8},"end":{"line":59,"column":null}},{"start":{"line":60,"column":8},"end":{"line":60,"column":null}}]},"12":{"loc":{"start":{"line":71,"column":13},"end":{"line":71,"column":null}},"type":"cond-expr","locations":[{"start":{"line":71,"column":21},"end":{"line":71,"column":37}},{"start":{"line":71,"column":37},"end":{"line":71,"column":null}}]},"13":{"loc":{"start":{"line":80,"column":17},"end":{"line":80,"column":null}},"type":"cond-expr","locations":[{"start":{"line":80,"column":31},"end":{"line":80,"column":43}},{"start":{"line":80,"column":43},"end":{"line":80,"column":null}}]},"14":{"loc":{"start":{"line":114,"column":17},"end":{"line":114,"column":null}},"type":"binary-expr","locations":[{"start":{"line":114,"column":17},"end":{"line":114,"column":34}},{"start":{"line":114,"column":38},"end":{"line":114,"column":null}}]},"15":{"loc":{"start":{"line":115,"column":19},"end":{"line":115,"column":null}},"type":"binary-expr","locations":[{"start":{"line":115,"column":19},"end":{"line":115,"column":36}},{"start":{"line":115,"column":40},"end":{"line":115,"column":null}}]},"16":{"loc":{"start":{"line":126,"column":17},"end":{"line":126,"column":null}},"type":"binary-expr","locations":[{"start":{"line":126,"column":17},"end":{"line":126,"column":34}},{"start":{"line":126,"column":38},"end":{"line":126,"column":null}}]},"17":{"loc":{"start":{"line":127,"column":19},"end":{"line":127,"column":null}},"type":"binary-expr","locations":[{"start":{"line":127,"column":19},"end":{"line":127,"column":36}},{"start":{"line":127,"column":40},"end":{"line":127,"column":null}}]},"18":{"loc":{"start":{"line":149,"column":13},"end":{"line":149,"column":59}},"type":"cond-expr","locations":[{"start":{"line":149,"column":33},"end":{"line":149,"column":41}},{"start":{"line":149,"column":41},"end":{"line":149,"column":59}}]},"19":{"loc":{"start":{"line":166,"column":23},"end":{"line":166,"column":null}},"type":"binary-expr","locations":[{"start":{"line":166,"column":23},"end":{"line":166,"column":56}},{"start":{"line":166,"column":56},"end":{"line":166,"column":null}}]},"20":{"loc":{"start":{"line":183,"column":23},"end":{"line":183,"column":null}},"type":"binary-expr","locations":[{"start":{"line":183,"column":23},"end":{"line":183,"column":58}},{"start":{"line":183,"column":58},"end":{"line":183,"column":null}}]},"21":{"loc":{"start":{"line":185,"column":31},"end":{"line":185,"column":52}},"type":"binary-expr","locations":[{"start":{"line":185,"column":31},"end":{"line":185,"column":46}},{"start":{"line":185,"column":50},"end":{"line":185,"column":52}}]},"22":{"loc":{"start":{"line":187,"column":30},"end":{"line":189,"column":null}},"type":"cond-expr","locations":[{"start":{"line":188,"column":20},"end":{"line":188,"column":null}},{"start":{"line":189,"column":20},"end":{"line":189,"column":null}}]},"23":{"loc":{"start":{"line":207,"column":9},"end":{"line":207,"column":null}},"type":"binary-expr","locations":[{"start":{"line":207,"column":9},"end":{"line":207,"column":33}},{"start":{"line":207,"column":33},"end":{"line":207,"column":null}}]},"24":{"loc":{"start":{"line":213,"column":23},"end":{"line":213,"column":null}},"type":"binary-expr","locations":[{"start":{"line":213,"column":23},"end":{"line":213,"column":66}},{"start":{"line":213,"column":66},"end":{"line":213,"column":null}}]}},"s":{"0":24,"1":24,"2":24,"3":15,"4":15,"5":24,"6":22,"7":2,"8":2,"9":0,"10":2,"11":22,"12":22,"13":24,"14":1,"15":1,"16":0,"17":1,"18":24,"19":1,"20":1,"21":0,"22":1,"23":24,"24":4,"25":24,"26":1,"27":1,"28":24,"29":7,"30":2,"31":2,"32":0,"33":1,"34":0,"35":120,"36":1,"37":144,"38":1,"39":1,"40":0,"41":1,"42":46,"43":1},"f":{"0":24,"1":15,"2":22,"3":2,"4":22,"5":1,"6":0,"7":1,"8":0,"9":4,"10":1,"11":7,"12":2,"13":2,"14":0,"15":1,"16":0,"17":120,"18":1,"19":144,"20":1,"21":0,"22":46,"23":1},"b":{"0":[24],"1":[24,0],"2":[24,24],"3":[15,0],"4":[15,15],"5":[0,2],"6":[1,1],"7":[1,1],"8":[1,0],"9":[0,1],"10":[1,0],"11":[0,1],"12":[4,0],"13":[1,0],"14":[24,24],"15":[24,24],"16":[24,24],"17":[24,24],"18":[24,0],"19":[120,119],"20":[144,143],"21":[1,0],"22":[0,1],"23":[24,1],"24":[46,45]}}
,"C:/Users/falej/Documents/DAW/Proyecto/ProyectoFCT/Front/src/assets/componentes/WishListBoton/WishListBoton.tsx": {"path":"C:/Users/falej/Documents/DAW/Proyecto/ProyectoFCT/Front/src/assets/componentes/WishListBoton/WishListBoton.tsx","statementMap":{"0":{"start":{"line":9,"column":42},"end":{"line":9,"column":null}},"1":{"start":{"line":10,"column":42},"end":{"line":10,"column":null}},"2":{"start":{"line":12,"column":22},"end":{"line":12,"column":40}},"3":{"start":{"line":13,"column":21},"end":{"line":13,"column":null}},"4":{"start":{"line":15,"column":23},"end":{"line":30,"column":null}},"5":{"start":{"line":16,"column":4},"end":{"line":16,"column":null}},"6":{"start":{"line":17,"column":4},"end":{"line":17,"column":null}},"7":{"start":{"line":18,"column":4},"end":{"line":21,"column":null}},"8":{"start":{"line":19,"column":6},"end":{"line":19,"column":null}},"9":{"start":{"line":20,"column":6},"end":{"line":20,"column":null}},"10":{"start":{"line":22,"column":4},"end":{"line":22,"column":null}},"11":{"start":{"line":23,"column":4},"end":{"line":29,"column":null}},"12":{"start":{"line":24,"column":6},"end":{"line":24,"column":null}},"13":{"start":{"line":26,"column":6},"end":{"line":26,"column":null}},"14":{"start":{"line":28,"column":6},"end":{"line":28,"column":null}},"15":{"start":{"line":32,"column":2},"end":{"line":46,"column":null}},"16":{"start":{"line":32,"column":17},"end":{"line":32,"column":null}},"17":{"start":{"line":34,"column":4},"end":{"line":42,"column":null}}},"fnMap":{"0":{"name":"WishListBoton","decl":{"start":{"line":8,"column":9},"end":{"line":8,"column":23}},"loc":{"start":{"line":8,"column":69},"end":{"line":47,"column":null}}},"1":{"name":"(anonymous_1)","decl":{"start":{"line":15,"column":23},"end":{"line":15,"column":30}},"loc":{"start":{"line":15,"column":30},"end":{"line":30,"column":null}}}},"branchMap":{"0":{"loc":{"start":{"line":18,"column":4},"end":{"line":21,"column":null}},"type":"if","locations":[{"start":{"line":18,"column":4},"end":{"line":21,"column":null}},{"start":{},"end":{}}]},"1":{"loc":{"start":{"line":18,"column":8},"end":{"line":18,"column":38}},"type":"binary-expr","locations":[{"start":{"line":18,"column":8},"end":{"line":18,"column":24}},{"start":{"line":18,"column":24},"end":{"line":18,"column":38}}]},"2":{"loc":{"start":{"line":32,"column":2},"end":{"line":46,"column":null}},"type":"if","locations":[{"start":{"line":32,"column":2},"end":{"line":46,"column":null}},{"start":{"line":33,"column":7},"end":{"line":46,"column":null}}]},"3":{"loc":{"start":{"line":36,"column":46},"end":{"line":36,"column":80}},"type":"cond-expr","locations":[{"start":{"line":36,"column":61},"end":{"line":36,"column":76}},{"start":{"line":36,"column":76},"end":{"line":36,"column":80}}]},"4":{"loc":{"start":{"line":38,"column":16},"end":{"line":38,"column":null}},"type":"cond-expr","locations":[{"start":{"line":38,"column":31},"end":{"line":38,"column":49}},{"start":{"line":38,"column":49},"end":{"line":38,"column":null}}]},"5":{"loc":{"start":{"line":38,"column":49},"end":{"line":38,"column":null}},"type":"cond-expr","locations":[{"start":{"line":38,"column":62},"end":{"line":38,"column":85}},{"start":{"line":38,"column":85},"end":{"line":38,"column":null}}]},"6":{"loc":{"start":{"line":41,"column":41},"end":{"line":41,"column":69}},"type":"cond-expr","locations":[{"start":{"line":41,"column":54},"end":{"line":41,"column":65}},{"start":{"line":41,"column":65},"end":{"line":41,"column":69}}]}},"s":{"0":13,"1":13,"2":13,"3":13,"4":13,"5":4,"6":4,"7":4,"8":1,"9":1,"10":3,"11":3,"12":3,"13":1,"14":2,"15":13,"16":0,"17":13},"f":{"0":13,"1":4},"b":{"0":[1,3],"1":[4,4],"2":[0,13],"3":[3,10],"4":[3,10],"5":[2,8],"6":[2,11]}}
,"C:/Users/falej/Documents/DAW/Proyecto/ProyectoFCT/Front/src/assets/componentes/WishListTarjeta/WishListTarjeta.tsx": {"path":"C:/Users/falej/Documents/DAW/Proyecto/ProyectoFCT/Front/src/assets/componentes/WishListTarjeta/WishListTarjeta.tsx","statementMap":{"0":{"start":{"line":15,"column":2},"end":{"line":67,"column":null}}},"fnMap":{"0":{"name":"WishListTarjeta","decl":{"start":{"line":6,"column":9},"end":{"line":6,"column":25}},"loc":{"start":{"line":14,"column":1},"end":{"line":75,"column":null}}}},"branchMap":{"0":{"loc":{"start":{"line":8,"column":2},"end":{"line":8,"column":15}},"type":"default-arg","locations":[{"start":{"line":8,"column":11},"end":{"line":8,"column":15}}]},"1":{"loc":{"start":{"line":9,"column":2},"end":{"line":9,"column":11}},"type":"default-arg","locations":[{"start":{"line":9,"column":10},"end":{"line":9,"column":11}}]},"2":{"loc":{"start":{"line":31,"column":12},"end":{"line":31,"column":null}},"type":"cond-expr","locations":[{"start":{"line":31,"column":32},"end":{"line":31,"column":61}},{"start":{"line":31,"column":64},"end":{"line":31,"column":null}}]},"3":{"loc":{"start":{"line":35,"column":11},"end":{"line":35,"column":null}},"type":"binary-expr","locations":[{"start":{"line":35,"column":11},"end":{"line":35,"column":21}},{"start":{"line":35,"column":21},"end":{"line":35,"column":null}}]},"4":{"loc":{"start":{"line":37,"column":13},"end":{"line":37,"column":null}},"type":"binary-expr","locations":[{"start":{"line":37,"column":13},"end":{"line":37,"column":24}},{"start":{"line":37,"column":24},"end":{"line":37,"column":null}}]},"5":{"loc":{"start":{"line":41,"column":19},"end":{"line":41,"column":null}},"type":"binary-expr","locations":[{"start":{"line":41,"column":19},"end":{"line":41,"column":35}},{"start":{"line":41,"column":39},"end":{"line":41,"column":null}}]},"6":{"loc":{"start":{"line":42,"column":19},"end":{"line":42,"column":null}},"type":"binary-expr","locations":[{"start":{"line":42,"column":19},"end":{"line":42,"column":32}},{"start":{"line":42,"column":36},"end":{"line":42,"column":null}}]},"7":{"loc":{"start":{"line":43,"column":37},"end":{"line":43,"column":62}},"type":"cond-expr","locations":[{"start":{"line":43,"column":47},"end":{"line":43,"column":58}},{"start":{"line":43,"column":58},"end":{"line":43,"column":62}}]},"8":{"loc":{"start":{"line":49,"column":19},"end":{"line":49,"column":null}},"type":"cond-expr","locations":[{"start":{"line":49,"column":28},"end":{"line":49,"column":58}},{"start":{"line":49,"column":58},"end":{"line":49,"column":null}}]},"9":{"loc":{"start":{"line":49,"column":28},"end":{"line":49,"column":58}},"type":"binary-expr","locations":[{"start":{"line":49,"column":28},"end":{"line":49,"column":41}},{"start":{"line":49,"column":45},"end":{"line":49,"column":58}}]},"10":{"loc":{"start":{"line":50,"column":15},"end":{"line":67,"column":null}},"type":"cond-expr","locations":[{"start":{"line":51,"column":16},"end":{"line":64,"column":null}},{"start":{"line":67,"column":16},"end":{"line":67,"column":null}}]},"11":{"loc":{"start":{"line":51,"column":16},"end":{"line":64,"column":null}},"type":"cond-expr","locations":[{"start":{"line":52,"column":18},"end":{"line":64,"column":null}},{"start":{"line":64,"column":18},"end":{"line":64,"column":null}}]},"12":{"loc":{"start":{"line":56,"column":41},"end":{"line":56,"column":null}},"type":"cond-expr","locations":[{"start":{"line":56,"column":57},"end":{"line":56,"column":69}},{"start":{"line":56,"column":69},"end":{"line":56,"column":null}}]},"13":{"loc":{"start":{"line":60,"column":28},"end":{"line":60,"column":null}},"type":"cond-expr","locations":[{"start":{"line":60,"column":44},"end":{"line":60,"column":50}},{"start":{"line":60,"column":50},"end":{"line":60,"column":null}}]}},"s":{"0":16},"f":{"0":16},"b":{"0":[12],"1":[0],"2":[15,1],"3":[16,12],"4":[16,4],"5":[16,1],"6":[16,1],"7":[4,12],"8":[12,4],"9":[12,1],"10":[12,4],"11":[11,1],"12":[9,2],"13":[9,2]}}
,"C:/Users/falej/Documents/DAW/Proyecto/ProyectoFCT/Front/src/assets/const/iconos.tsx": {"path":"C:/Users/falej/Documents/DAW/Proyecto/ProyectoFCT/Front/src/assets/const/iconos.tsx","statementMap":{"0":{"start":{"line":1,"column":26},"end":{"line":507,"column":2}},"1":{"start":{"line":3,"column":4},"end":{"line":12,"column":null}},"2":{"start":{"line":17,"column":4},"end":{"line":98,"column":null}},"3":{"start":{"line":104,"column":4},"end":{"line":125,"column":null}},"4":{"start":{"line":131,"column":4},"end":{"line":199,"column":null}},"5":{"start":{"line":204,"column":4},"end":{"line":332,"column":null}},"6":{"start":{"line":338,"column":4},"end":{"line":464,"column":null}},"7":{"start":{"line":470,"column":4},"end":{"line":482,"column":null}},"8":{"start":{"line":487,"column":4},"end":{"line":503,"column":null}},"9":{"start":{"line":510,"column":2},"end":{"line":517,"column":null}},"10":{"start":{"line":520,"column":2},"end":{"line":535,"column":null}},"11":{"start":{"line":538,"column":2},"end":{"line":541,"column":null}}},"fnMap":{"0":{"name":"(anonymous_0)","decl":{"start":{"line":2,"column":9},"end":{"line":2,"column":10}},"loc":{"start":{"line":3,"column":4},"end":{"line":12,"column":null}}},"1":{"name":"(anonymous_1)","decl":{"start":{"line":16,"column":9},"end":{"line":16,"column":10}},"loc":{"start":{"line":17,"column":4},"end":{"line":98,"column":null}}},"2":{"name":"(anonymous_2)","decl":{"start":{"line":103,"column":11},"end":{"line":103,"column":12}},"loc":{"start":{"line":104,"column":4},"end":{"line":125,"column":null}}},"3":{"name":"(anonymous_3)","decl":{"start":{"line":130,"column":8},"end":{"line":130,"column":9}},"loc":{"start":{"line":131,"column":4},"end":{"line":199,"column":null}}},"4":{"name":"(anonymous_4)","decl":{"start":{"line":203,"column":6},"end":{"line":203,"column":7}},"loc":{"start":{"line":204,"column":4},"end":{"line":332,"column":null}}},"5":{"name":"(anonymous_5)","decl":{"start":{"line":337,"column":9},"end":{"line":337,"column":10}},"loc":{"start":{"line":338,"column":4},"end":{"line":464,"column":null}}},"6":{"name":"(anonymous_6)","decl":{"start":{"line":469,"column":8},"end":{"line":469,"column":9}},"loc":{"start":{"line":470,"column":4},"end":{"line":482,"column":null}}},"7":{"name":"(anonymous_7)","decl":{"start":{"line":486,"column":10},"end":{"line":486,"column":11}},"loc":{"start":{"line":487,"column":4},"end":{"line":503,"column":null}}}},"branchMap":{"0":{"loc":{"start":{"line":2,"column":10},"end":{"line":2,"column":40}},"type":"default-arg","locations":[{"start":{"line":2,"column":26},"end":{"line":2,"column":40}}]},"1":{"loc":{"start":{"line":16,"column":10},"end":{"line":16,"column":40}},"type":"default-arg","locations":[{"start":{"line":16,"column":26},"end":{"line":16,"column":40}}]},"2":{"loc":{"start":{"line":103,"column":12},"end":{"line":103,"column":42}},"type":"default-arg","locations":[{"start":{"line":103,"column":28},"end":{"line":103,"column":42}}]},"3":{"loc":{"start":{"line":130,"column":9},"end":{"line":130,"column":39}},"type":"default-arg","locations":[{"start":{"line":130,"column":25},"end":{"line":130,"column":39}}]},"4":{"loc":{"start":{"line":203,"column":7},"end":{"line":203,"column":37}},"type":"default-arg","locations":[{"start":{"line":203,"column":23},"end":{"line":203,"column":37}}]},"5":{"loc":{"start":{"line":337,"column":10},"end":{"line":337,"column":40}},"type":"default-arg","locations":[{"start":{"line":337,"column":26},"end":{"line":337,"column":40}}]},"6":{"loc":{"start":{"line":469,"column":9},"end":{"line":469,"column":39}},"type":"default-arg","locations":[{"start":{"line":469,"column":25},"end":{"line":469,"column":39}}]},"7":{"loc":{"start":{"line":486,"column":11},"end":{"line":486,"column":41}},"type":"default-arg","locations":[{"start":{"line":486,"column":27},"end":{"line":486,"column":41}}]}},"s":{"0":4,"1":1,"2":11,"3":11,"4":11,"5":11,"6":1,"7":1,"8":1,"9":4,"10":4,"11":4},"f":{"0":1,"1":11,"2":11,"3":11,"4":11,"5":1,"6":1,"7":1},"b":{"0":[1],"1":[1],"2":[1],"3":[1],"4":[1],"5":[1],"6":[1],"7":[1]}}
,"C:/Users/falej/Documents/DAW/Proyecto/ProyectoFCT/Front/src/assets/const/mensajesOfertas.ts": {"path":"C:/Users/falej/Documents/DAW/Proyecto/ProyectoFCT/Front/src/assets/const/mensajesOfertas.ts","statementMap":{"0":{"start":{"line":1,"column":27},"end":{"line":30,"column":2}}},"fnMap":{},"branchMap":{},"s":{"0":1},"f":{},"b":{}}
,"C:/Users/falej/Documents/DAW/Proyecto/ProyectoFCT/Front/src/assets/const/mensajesUsuarios.ts": {"path":"C:/Users/falej/Documents/DAW/Proyecto/ProyectoFCT/Front/src/assets/const/mensajesUsuarios.ts","statementMap":{"0":{"start":{"line":1,"column":26},"end":{"line":27,"column":2}},"1":{"start":{"line":29,"column":25},"end":{"line":55,"column":2}}},"fnMap":{},"branchMap":{},"s":{"0":1,"1":1},"f":{},"b":{}}
,"C:/Users/falej/Documents/DAW/Proyecto/ProyectoFCT/Front/src/assets/const/mensajesWishlist.ts": {"path":"C:/Users/falej/Documents/DAW/Proyecto/ProyectoFCT/Front/src/assets/const/mensajesWishlist.ts","statementMap":{"0":{"start":{"line":1,"column":28},"end":{"line":11,"column":2}}},"fnMap":{},"branchMap":{},"s":{"0":1},"f":{},"b":{}}
,"C:/Users/falej/Documents/DAW/Proyecto/ProyectoFCT/Front/src/assets/const/reviews.ts": {"path":"C:/Users/falej/Documents/DAW/Proyecto/ProyectoFCT/Front/src/assets/const/reviews.ts","statementMap":{"0":{"start":{"line":1,"column":23},"end":{"line":26,"column":11}}},"fnMap":{},"branchMap":{},"s":{"0":2},"f":{},"b":{}}
,"C:/Users/falej/Documents/DAW/Proyecto/ProyectoFCT/Front/src/assets/const/sort.ts": {"path":"C:/Users/falej/Documents/DAW/Proyecto/ProyectoFCT/Front/src/assets/const/sort.ts","statementMap":{"0":{"start":{"line":1,"column":12},"end":{"line":8,"column":null}},"1":{"start":{"line":1,"column":12},"end":{"line":1,"column":null}},"2":{"start":{"line":10,"column":12},"end":{"line":13,"column":null}},"3":{"start":{"line":10,"column":12},"end":{"line":10,"column":null}},"4":{"start":{"line":15,"column":72},"end":{"line":26,"column":2}},"5":{"start":{"line":29,"column":16},"end":{"line":30,"column":null}},"6":{"start":{"line":30,"column":17},"end":{"line":30,"column":null}},"7":{"start":{"line":32,"column":2},"end":{"line":32,"column":null}},"8":{"start":{"line":35,"column":13},"end":{"line":35,"column":45}},"9":{"start":{"line":36,"column":13},"end":{"line":36,"column":48}}},"fnMap":{"0":{"name":"(anonymous_0)","decl":{"start":{"line":1,"column":12},"end":{"line":1,"column":null}},"loc":{"start":{"line":1,"column":12},"end":{"line":8,"column":null}}},"1":{"name":"(anonymous_1)","decl":{"start":{"line":10,"column":12},"end":{"line":10,"column":null}},"loc":{"start":{"line":10,"column":12},"end":{"line":13,"column":null}}},"2":{"name":"getLabelFromSort","decl":{"start":{"line":28,"column":16},"end":{"line":28,"column":33}},"loc":{"start":{"line":28,"column":69},"end":{"line":33,"column":null}}},"3":{"name":"(anonymous_3)","decl":{"start":{"line":30,"column":4},"end":{"line":30,"column":5}},"loc":{"start":{"line":30,"column":17},"end":{"line":30,"column":null}}}},"branchMap":{"0":{"loc":{"start":{"line":30,"column":17},"end":{"line":30,"column":null}},"type":"binary-expr","locations":[{"start":{"line":30,"column":17},"end":{"line":30,"column":41}},{"start":{"line":30,"column":41},"end":{"line":30,"column":null}}]},"1":{"loc":{"start":{"line":32,"column":9},"end":{"line":32,"column":null}},"type":"cond-expr","locations":[{"start":{"line":32,"column":17},"end":{"line":32,"column":25}},{"start":{"line":32,"column":28},"end":{"line":32,"column":null}}]}},"s":{"0":2,"1":2,"2":2,"3":2,"4":2,"5":6,"6":25,"7":6,"8":2,"9":2},"f":{"0":2,"1":2,"2":6,"3":25},"b":{"0":[25,6],"1":[5,1]}}
,"C:/Users/falej/Documents/DAW/Proyecto/ProyectoFCT/Front/src/assets/const/tiers.ts": {"path":"C:/Users/falej/Documents/DAW/Proyecto/ProyectoFCT/Front/src/assets/const/tiers.ts","statementMap":{"0":{"start":{"line":1,"column":21},"end":{"line":38,"column":11}},"1":{"start":{"line":41,"column":2},"end":{"line":41,"column":null}},"2":{"start":{"line":41,"column":27},"end":{"line":41,"column":61}}},"fnMap":{"0":{"name":"getOfferTier","decl":{"start":{"line":40,"column":16},"end":{"line":40,"column":29}},"loc":{"start":{"line":40,"column":43},"end":{"line":42,"column":null}}},"1":{"name":"(anonymous_1)","decl":{"start":{"line":41,"column":20},"end":{"line":41,"column":21}},"loc":{"start":{"line":41,"column":27},"end":{"line":41,"column":61}}}},"branchMap":{"0":{"loc":{"start":{"line":41,"column":9},"end":{"line":41,"column":74}},"type":"binary-expr","locations":[{"start":{"line":41,"column":9},"end":{"line":41,"column":66}},{"start":{"line":41,"column":66},"end":{"line":41,"column":74}}]},"1":{"loc":{"start":{"line":41,"column":27},"end":{"line":41,"column":61}},"type":"binary-expr","locations":[{"start":{"line":41,"column":27},"end":{"line":41,"column":42}},{"start":{"line":41,"column":46},"end":{"line":41,"column":61}}]}},"s":{"0":2,"1":12,"2":37},"f":{"0":12,"1":37},"b":{"0":[12,1],"1":[37,11]}}
,"C:/Users/falej/Documents/DAW/Proyecto/ProyectoFCT/Front/src/assets/context/AuthContext.tsx": {"path":"C:/Users/falej/Documents/DAW/Proyecto/ProyectoFCT/Front/src/assets/context/AuthContext.tsx","statementMap":{"0":{"start":{"line":10,"column":20},"end":{"line":10,"column":null}},"1":{"start":{"line":12,"column":23},"end":{"line":16,"column":2}},"2":{"start":{"line":13,"column":18},"end":{"line":13,"column":null}},"3":{"start":{"line":14,"column":2},"end":{"line":14,"column":null}},"4":{"start":{"line":14,"column":16},"end":{"line":14,"column":null}},"5":{"start":{"line":15,"column":2},"end":{"line":15,"column":null}},"6":{"start":{"line":18,"column":28},"end":{"line":183,"column":2}},"7":{"start":{"line":19,"column":26},"end":{"line":19,"column":null}},"8":{"start":{"line":20,"column":32},"end":{"line":20,"column":null}},"9":{"start":{"line":21,"column":32},"end":{"line":21,"column":null}},"10":{"start":{"line":22,"column":34},"end":{"line":22,"column":null}},"11":{"start":{"line":24,"column":2},"end":{"line":70,"column":null}},"12":{"start":{"line":26,"column":4},"end":{"line":31,"column":null}},"13":{"start":{"line":27,"column":22},"end":{"line":27,"column":34}},"14":{"start":{"line":28,"column":6},"end":{"line":28,"column":null}},"15":{"start":{"line":29,"column":6},"end":{"line":29,"column":null}},"16":{"start":{"line":30,"column":6},"end":{"line":30,"column":null}},"17":{"start":{"line":36,"column":8},"end":{"line":68,"column":null}},"18":{"start":{"line":37,"column":6},"end":{"line":37,"column":null}},"19":{"start":{"line":38,"column":6},"end":{"line":38,"column":null}},"20":{"start":{"line":41,"column":6},"end":{"line":63,"column":null}},"21":{"start":{"line":42,"column":24},"end":{"line":42,"column":null}},"22":{"start":{"line":43,"column":8},"end":{"line":54,"column":null}},"23":{"start":{"line":44,"column":10},"end":{"line":48,"column":null}},"24":{"start":{"line":50,"column":10},"end":{"line":50,"column":null}},"25":{"start":{"line":52,"column":10},"end":{"line":52,"column":null}},"26":{"start":{"line":53,"column":10},"end":{"line":53,"column":null}},"27":{"start":{"line":55,"column":8},"end":{"line":55,"column":null}},"28":{"start":{"line":55,"column":40},"end":{"line":55,"column":null}},"29":{"start":{"line":56,"column":8},"end":{"line":56,"column":null}},"30":{"start":{"line":57,"column":8},"end":{"line":60,"column":null}},"31":{"start":{"line":62,"column":8},"end":{"line":62,"column":null}},"32":{"start":{"line":64,"column":6},"end":{"line":66,"column":null}},"33":{"start":{"line":65,"column":8},"end":{"line":65,"column":null}},"34":{"start":{"line":67,"column":6},"end":{"line":67,"column":null}},"35":{"start":{"line":69,"column":4},"end":{"line":69,"column":null}},"36":{"start":{"line":69,"column":17},"end":{"line":69,"column":null}},"37":{"start":{"line":72,"column":17},"end":{"line":85,"column":null}},"38":{"start":{"line":73,"column":28},"end":{"line":76,"column":null}},"39":{"start":{"line":77,"column":4},"end":{"line":82,"column":null}},"40":{"start":{"line":84,"column":4},"end":{"line":84,"column":null}},"41":{"start":{"line":87,"column":17},"end":{"line":97,"column":null}},"42":{"start":{"line":88,"column":28},"end":{"line":88,"column":null}},"43":{"start":{"line":89,"column":4},"end":{"line":94,"column":null}},"44":{"start":{"line":96,"column":4},"end":{"line":96,"column":null}},"45":{"start":{"line":100,"column":27},"end":{"line":115,"column":null}},"46":{"start":{"line":101,"column":28},"end":{"line":106,"column":null}},"47":{"start":{"line":107,"column":4},"end":{"line":113,"column":null}},"48":{"start":{"line":108,"column":6},"end":{"line":111,"column":null}},"49":{"start":{"line":114,"column":4},"end":{"line":114,"column":null}},"50":{"start":{"line":118,"column":28},"end":{"line":133,"column":null}},"51":{"start":{"line":119,"column":28},"end":{"line":124,"column":null}},"52":{"start":{"line":125,"column":4},"end":{"line":131,"column":null}},"53":{"start":{"line":126,"column":6},"end":{"line":129,"column":null}},"54":{"start":{"line":132,"column":4},"end":{"line":132,"column":null}},"55":{"start":{"line":136,"column":27},"end":{"line":151,"column":null}},"56":{"start":{"line":137,"column":28},"end":{"line":142,"column":null}},"57":{"start":{"line":143,"column":4},"end":{"line":149,"column":null}},"58":{"start":{"line":144,"column":6},"end":{"line":147,"column":null}},"59":{"start":{"line":150,"column":4},"end":{"line":150,"column":null}},"60":{"start":{"line":153,"column":18},"end":{"line":163,"column":null}},"61":{"start":{"line":154,"column":22},"end":{"line":154,"column":null}},"62":{"start":{"line":155,"column":4},"end":{"line":160,"column":null}},"63":{"start":{"line":162,"column":4},"end":{"line":162,"column":null}},"64":{"start":{"line":165,"column":2},"end":{"line":180,"column":null}}},"fnMap":{"0":{"name":"(anonymous_0)","decl":{"start":{"line":12,"column":23},"end":{"line":12,"column":null}},"loc":{"start":{"line":12,"column":23},"end":{"line":16,"column":2}}},"1":{"name":"(anonymous_1)","decl":{"start":{"line":18,"column":28},"end":{"line":18,"column":29}},"loc":{"start":{"line":18,"column":72},"end":{"line":183,"column":2}}},"2":{"name":"(anonymous_2)","decl":{"start":{"line":24,"column":12},"end":{"line":24,"column":null}},"loc":{"start":{"line":24,"column":12},"end":{"line":70,"column":5}}},"3":{"name":"(anonymous_3)","decl":{"start":{"line":26,"column":36},"end":{"line":26,"column":37}},"loc":{"start":{"line":26,"column":84},"end":{"line":31,"column":null}}},"4":{"name":"(anonymous_4)","decl":{"start":{"line":36,"column":40},"end":{"line":36,"column":47}},"loc":{"start":{"line":36,"column":62},"end":{"line":68,"column":null}}},"5":{"name":"(anonymous_5)","decl":{"start":{"line":69,"column":11},"end":{"line":69,"column":17}},"loc":{"start":{"line":69,"column":17},"end":{"line":69,"column":null}}},"6":{"name":"(anonymous_6)","decl":{"start":{"line":72,"column":17},"end":{"line":72,"column":24}},"loc":{"start":{"line":72,"column":39},"end":{"line":85,"column":null}}},"7":{"name":"(anonymous_7)","decl":{"start":{"line":87,"column":17},"end":{"line":87,"column":24}},"loc":{"start":{"line":87,"column":39},"end":{"line":97,"column":null}}},"8":{"name":"(anonymous_8)","decl":{"start":{"line":100,"column":27},"end":{"line":100,"column":null}},"loc":{"start":{"line":100,"column":27},"end":{"line":115,"column":null}}},"9":{"name":"(anonymous_9)","decl":{"start":{"line":118,"column":28},"end":{"line":118,"column":null}},"loc":{"start":{"line":118,"column":28},"end":{"line":133,"column":null}}},"10":{"name":"(anonymous_10)","decl":{"start":{"line":136,"column":27},"end":{"line":136,"column":null}},"loc":{"start":{"line":136,"column":27},"end":{"line":151,"column":null}}},"11":{"name":"(anonymous_11)","decl":{"start":{"line":153,"column":18},"end":{"line":153,"column":null}},"loc":{"start":{"line":153,"column":18},"end":{"line":163,"column":null}}}},"branchMap":{"0":{"loc":{"start":{"line":14,"column":2},"end":{"line":14,"column":null}},"type":"if","locations":[{"start":{"line":14,"column":2},"end":{"line":14,"column":null}},{"start":{},"end":{}}]},"1":{"loc":{"start":{"line":29,"column":14},"end":{"line":29,"column":null}},"type":"binary-expr","locations":[{"start":{"line":29,"column":14},"end":{"line":29,"column":31}},{"start":{"line":29,"column":31},"end":{"line":29,"column":null}}]},"2":{"loc":{"start":{"line":38,"column":14},"end":{"line":38,"column":null}},"type":"binary-expr","locations":[{"start":{"line":38,"column":14},"end":{"line":38,"column":3
[...]
"start":{"line":36,"column":24},"end":{"line":36,"column":25}},"loc":{"start":{"line":36,"column":31},"end":{"line":36,"column":null}}},"5":{"name":"(anonymous_5)","decl":{"start":{"line":46,"column":2},"end":{"line":46,"column":22}},"loc":{"start":{"line":46,"column":70},"end":{"line":51,"column":null}}},"6":{"name":"(anonymous_6)","decl":{"start":{"line":53,"column":2},"end":{"line":53,"column":21}},"loc":{"start":{"line":53,"column":71},"end":{"line":58,"column":null}}},"7":{"name":"(anonymous_7)","decl":{"start":{"line":60,"column":2},"end":{"line":60,"column":50}},"loc":{"start":{"line":60,"column":50},"end":{"line":65,"column":null}}}},"branchMap":{"0":{"loc":{"start":{"line":9,"column":9},"end":{"line":15,"column":24}},"type":"default-arg","locations":[{"start":{"line":15,"column":22},"end":{"line":15,"column":24}}]},"1":{"loc":{"start":{"line":10,"column":4},"end":{"line":10,"column":12}},"type":"default-arg","locations":[{"start":{"line":10,"column":11},"end":{"line":10,"column":12}}]},"2":{"loc":{"start":{"line":11,"column":4},"end":{"line":11,"column":13}},"type":"default-arg","locations":[{"start":{"line":11,"column":11},"end":{"line":11,"column":13}}]},"3":{"loc":{"start":{"line":12,"column":4},"end":{"line":12,"column":28}},"type":"default-arg","locations":[{"start":{"line":12,"column":13},"end":{"line":12,"column":28}}]},"4":{"loc":{"start":{"line":13,"column":4},"end":{"line":13,"column":33}},"type":"default-arg","locations":[{"start":{"line":13,"column":16},"end":{"line":13,"column":33}}]},"5":{"loc":{"start":{"line":14,"column":4},"end":{"line":14,"column":16}},"type":"default-arg","locations":[{"start":{"line":14,"column":14},"end":{"line":14,"column":16}}]},"6":{"loc":{"start":{"line":17,"column":4},"end":{"line":18,"column":null}},"type":"if","locations":[{"start":{"line":17,"column":4},"end":{"line":18,"column":null}},{"start":{},"end":{}}]},"7":{"loc":{"start":{"line":24,"column":6},"end":{"line":24,"column":null}},"type":"if","locations":[{"start":{"line":24,"column":6},"end":{"line":24,"column":null}},{"start":{},"end":{}}]},"8":{"loc":{"start":{"line":24,"column":10},"end":{"line":24,"column":65}},"type":"binary-expr","locations":[{"start":{"line":24,"column":10},"end":{"line":24,"column":33}},{"start":{"line":24,"column":33},"end":{"line":24,"column":51}},{"start":{"line":24,"column":51},"end":{"line":24,"column":65}}]},"9":{"loc":{"start":{"line":26,"column":20},"end":{"line":26,"column":null}},"type":"cond-expr","locations":[{"start":{"line":26,"column":43},"end":{"line":26,"column":51}},{"start":{"line":26,"column":51},"end":{"line":26,"column":null}}]},"10":{"loc":{"start":{"line":35,"column":10},"end":{"line":39,"column":null}},"type":"if","locations":[{"start":{"line":35,"column":10},"end":{"line":39,"column":null}},{"start":{"line":37,"column":17},"end":{"line":39,"column":null}}]},"11":{"loc":{"start":{"line":47,"column":4},"end":{"line":48,"column":null}},"type":"if","locations":[{"start":{"line":47,"column":4},"end":{"line":48,"column":null}},{"start":{},"end":{}}]},"12":{"loc":{"start":{"line":54,"column":4},"end":{"line":55,"column":null}},"type":"if","locations":[{"start":{"line":54,"column":4},"end":{"line":55,"column":null}},{"start":{},"end":{}}]},"13":{"loc":{"start":{"line":61,"column":4},"end":{"line":62,"column":null}},"type":"if","locations":[{"start":{"line":61,"column":4},"end":{"line":62,"column":null}},{"start":{},"end":{}}]}},"s":{"0":0,"1":0,"2":0,"3":0,"4":0,"5":0,"6":0,"7":0,"8":0,"9":0,"10":0,"11":0,"12":0,"13":0,"14":0,"15":0,"16":0,"17":0,"18":0,"19":0,"20":0,"21":0,"22":0,"23":0,"24":0,"25":0},"f":{"0":0,"1":0,"2":0,"3":0,"4":0,"5":0,"6":0,"7":0},"b":{"0":[0],"1":[0],"2":[0],"3":[0],"4":[0],"5":[0],"6":[0,0],"7":[0,0],"8":[0,0,0],"9":[0,0],"10":[0,0],"11":[0,0],"12":[0,0],"13":[0,0]}}
,"C:/Users/falej/Documents/DAW/Proyecto/ProyectoFCT/Front/src/assets/servicios/Axios/ServicioTienda.ts": {"path":"C:/Users/falej/Documents/DAW/Proyecto/ProyectoFCT/Front/src/assets/servicios/Axios/ServicioTienda.ts","statementMap":{"0":{"start":{"line":6,"column":4},"end":{"line":7,"column":null}},"1":{"start":{"line":7,"column":10},"end":{"line":7,"column":null}},"2":{"start":{"line":9,"column":4},"end":{"line":9,"column":null}}},"fnMap":{"0":{"name":"(anonymous_0)","decl":{"start":{"line":5,"column":2},"end":{"line":5,"column":44}},"loc":{"start":{"line":5,"column":44},"end":{"line":10,"column":null}}}},"branchMap":{"0":{"loc":{"start":{"line":6,"column":4},"end":{"line":7,"column":null}},"type":"if","locations":[{"start":{"line":6,"column":4},"end":{"line":7,"column":null}},{"start":{},"end":{}}]}},"s":{"0":0,"1":0,"2":0},"f":{"0":0},"b":{"0":[0,0]}}
,"C:/Users/falej/Documents/DAW/Proyecto/ProyectoFCT/Front/src/assets/servicios/Axios/ServicioUsuarios.ts": {"path":"C:/Users/falej/Documents/DAW/Proyecto/ProyectoFCT/Front/src/assets/servicios/Axios/ServicioUsuarios.ts","statementMap":{"0":{"start":{"line":6,"column":4},"end":{"line":6,"column":null}},"1":{"start":{"line":6,"column":19},"end":{"line":6,"column":null}},"2":{"start":{"line":8,"column":4},"end":{"line":8,"column":null}},"3":{"start":{"line":15,"column":4},"end":{"line":15,"column":null}},"4":{"start":{"line":15,"column":19},"end":{"line":15,"column":null}},"5":{"start":{"line":17,"column":4},"end":{"line":17,"column":null}},"6":{"start":{"line":23,"column":4},"end":{"line":23,"column":null}},"7":{"start":{"line":23,"column":19},"end":{"line":23,"column":null}},"8":{"start":{"line":24,"column":4},"end":{"line":24,"column":null}}},"fnMap":{"0":{"name":"(anonymous_0)","decl":{"start":{"line":5,"column":2},"end":{"line":5,"column":27}},"loc":{"start":{"line":5,"column":67},"end":{"line":9,"column":null}}},"1":{"name":"(anonymous_1)","decl":{"start":{"line":11,"column":2},"end":{"line":11,"column":null}},"loc":{"start":{"line":14,"column":32},"end":{"line":18,"column":null}}},"2":{"name":"(anonymous_2)","decl":{"start":{"line":20,"column":2},"end":{"line":20,"column":null}},"loc":{"start":{"line":22,"column":18},"end":{"line":25,"column":null}}}},"branchMap":{"0":{"loc":{"start":{"line":6,"column":4},"end":{"line":6,"column":null}},"type":"if","locations":[{"start":{"line":6,"column":4},"end":{"line":6,"column":null}},{"start":{},"end":{}}]},"1":{"loc":{"start":{"line":15,"column":4},"end":{"line":15,"column":null}},"type":"if","locations":[{"start":{"line":15,"column":4},"end":{"line":15,"column":null}},{"start":{},"end":{}}]},"2":{"loc":{"start":{"line":23,"column":4},"end":{"line":23,"column":null}},"type":"if","locations":[{"start":{"line":23,"column":4},"end":{"line":23,"column":null}},{"start":{},"end":{}}]}},"s":{"0":0,"1":0,"2":0,"3":0,"4":0,"5":0,"6":0,"7":0,"8":0},"f":{"0":0,"1":0,"2":0},"b":{"0":[0,0],"1":[0,0],"2":[0,0]}}
,"C:/Users/falej/Documents/DAW/Proyecto/ProyectoFCT/Front/src/assets/servicios/Axios/WishlistService.ts": {"path":"C:/Users/falej/Documents/DAW/Proyecto/ProyectoFCT/Front/src/assets/servicios/Axios/WishlistService.ts","statementMap":{"0":{"start":{"line":4,"column":31},"end":{"line":40,"column":2}},"1":{"start":{"line":11,"column":20},"end":{"line":18,"column":null}},"2":{"start":{"line":21,"column":3},"end":{"line":21,"column":null}},"3":{"start":{"line":25,"column":21},"end":{"line":29,"column":null}},"4":{"start":{"line":30,"column":4},"end":{"line":30,"column":null}},"5":{"start":{"line":34,"column":4},"end":{"line":38,"column":null}}},"fnMap":{"0":{"name":"(anonymous_0)","decl":{"start":{"line":6,"column":8},"end":{"line":6,"column":null}},"loc":{"start":{"line":8,"column":3},"end":{"line":22,"column":null}}},"1":{"name":"(anonymous_1)","decl":{"start":{"line":24,"column":20},"end":{"line":24,"column":27}},"loc":{"start":{"line":24,"column":27},"end":{"line":31,"column":null}}},"2":{"name":"(anonymous_2)","decl":{"start":{"line":33,"column":10},"end":{"line":33,"column":17}},"loc":{"start":{"line":33,"column":42},"end":{"line":39,"column":null}}}},"branchMap":{},"s":{"0":0,"1":0,"2":0,"3":0,"4":0,"5":0},"f":{"0":0,"1":0,"2":0},"b":{}}
,"C:/Users/falej/Documents/DAW/Proyecto/ProyectoFCT/Front/src/assets/servicios/Axios/authSync.ts": {"path":"C:/Users/falej/Documents/DAW/Proyecto/ProyectoFCT/Front/src/assets/servicios/Axios/authSync.ts","statementMap":{"0":{"start":{"line":4,"column":37},"end":{"line":14,"column":2}},"1":{"start":{"line":5,"column":2},"end":{"line":6,"column":null}},"2":{"start":{"line":6,"column":4},"end":{"line":6,"column":null}},"3":{"start":{"line":7,"column":2},"end":{"line":13,"column":null}},"4":{"start":{"line":8,"column":4},"end":{"line":11,"column":null}}},"fnMap":{"0":{"name":"(anonymous_0)","decl":{"start":{"line":4,"column":37},"end":{"line":4,"column":45}},"loc":{"start":{"line":4,"column":45},"end":{"line":14,"column":2}}}},"branchMap":{"0":{"loc":{"start":{"line":5,"column":2},"end":{"line":6,"column":null}},"type":"if","locations":[{"start":{"line":5,"column":2},"end":{"line":6,"column":null}},{"start":{},"end":{}}]}},"s":{"0":0,"1":0,"2":0,"3":0,"4":0},"f":{"0":0},"b":{"0":[0,0]}}
,"C:/Users/falej/Documents/DAW/Proyecto/ProyectoFCT/Front/src/assets/servicios/Axios/http-axios.ts": {"path":"C:/Users/falej/Documents/DAW/Proyecto/ProyectoFCT/Front/src/assets/servicios/Axios/http-axios.ts","statementMap":{"0":{"start":{"line":4,"column":23},"end":{"line":4,"column":null}},"1":{"start":{"line":5,"column":18},"end":{"line":5,"column":null}},"2":{"start":{"line":6,"column":20},"end":{"line":6,"column":null}},"3":{"start":{"line":8,"column":13},"end":{"line":14,"column":null}},"4":{"start":{"line":16,"column":32},"end":{"line":16,"column":38}},"5":{"start":{"line":18,"column":0},"end":{"line":23,"column":null}},"6":{"start":{"line":19,"column":2},"end":{"line":21,"column":null}},"7":{"start":{"line":20,"column":4},"end":{"line":20,"column":null}},"8":{"start":{"line":22,"column":2},"end":{"line":22,"column":null}},"9":{"start":{"line":25,"column":0},"end":{"line":89,"column":null}},"10":{"start":{"line":26,"column":16},"end":{"line":26,"column":null}},"11":{"start":{"line":29,"column":4},"end":{"line":43,"column":null}},"12":{"start":{"line":30,"column":6},"end":{"line":37,"column":null}},"13":{"start":{"line":31,"column":8},"end":{"line":31,"column":null}},"14":{"start":{"line":32,"column":8},"end":{"line":35,"column":null}},"15":{"start":{"line":38,"column":4},"end":{"line":41,"column":null}},"16":{"start":{"line":42,"column":4},"end":{"line":42,"column":null}},"17":{"start":{"line":45,"column":19},"end":{"line":45,"column":40}},"18":{"start":{"line":46,"column":16},"end":{"line":46,"column":null}},"19":{"start":{"line":49,"column":4},"end":{"line":55,"column":null}},"20":{"start":{"line":50,"column":6},"end":{"line":50,"column":null}},"21":{"start":{"line":51,"column":4},"end":{"line":54,"column":13}},"22":{"start":{"line":54,"column":13},"end":{"line":54,"column":null}},"23":{"start":{"line":58,"column":4},"end":{"line":67,"column":null}},"24":{"start":{"line":59,"column":6},"end":{"line":59,"column":null}},"25":{"start":{"line":60,"column":6},"end":{"line":64,"column":null}},"26":{"start":{"line":65,"column":6},"end":{"line":65,"column":null}},"27":{"start":{"line":66,"column":6},"end":{"line":66,"column":null}},"28":{"start":{"line":70,"column":4},"end":{"line":81,"column":null}},"29":{"start":{"line":71,"column":6},"end":{"line":74,"column":null}},"30":{"start":{"line":76,"column":6},"end":{"line":79,"column":null}},"31":{"start":{"line":80,"column":6},"end":{"line":80,"column":null}},"32":{"start":{"line":83,"column":4},"end":{"line":83,"column":null}},"33":{"start":{"line":84,"column":4},"end":{"line":87,"column":null}},"34":{"start":{"line":88,"column":4},"end":{"line":88,"column":null}}},"fnMap":{"0":{"name":"(anonymous_0)","decl":{"start":{"line":18,"column":30},"end":{"line":18,"column":31}},"loc":{"start":{"line":18,"column":31},"end":{"line":23,"column":null}}},"1":{"name":"(anonymous_1)","decl":{"start":{"line":26,"column":2},"end":{"line":26,"column":3}},"loc":{"start":{"line":26,"column":16},"end":{"line":26,"column":null}}},"2":{"name":"(anonymous_2)","decl":{"start":{"line":27,"column":2},"end":{"line":27,"column":3}},"loc":{"start":{"line":27,"column":3},"end":{"line":89,"column":null}}}},"branchMap":{"0":{"loc":{"start":{"line":10,"column":11},"end":{"line":10,"column":null}},"type":"cond-expr","locations":[{"start":{"line":10,"column":25},"end":{"line":10,"column":37}},{"start":{"line":10,"column":37},"end":{"line":10,"column":null}}]},"1":{"loc":{"start":{"line":19,"column":2},"end":{"line":21,"column":null}},"type":"if","locations":[{"start":{"line":19,"column":2},"end":{"line":21,"column":null}},{"start":{},"end":{}}]},"2":{"loc":{"start":{"line":29,"column":4},"end":{"line":43,"column":null}},"type":"if","locations":[{"start":{"line":29,"column":4},"end":{"line":43,"column":null}},{"start":{},"end":{}}]},"3":{"loc":{"start":{"line":30,"column":6},"end":{"line":37,"column":null}},"type":"if","locations":[{"start":{"line":30,"column":6},"end":{"line":37,"column":null}},{"start":{},"end":{}}]},"4":{"loc":{"start":{"line":46,"column":16},"end":{"line":46,"column":null}},"type":"binary-expr","locations":[{"start":{"line":46,"column":16},"end":{"line":46,"column":48}},{"start":{"line":46,"column":48},"end":{"line":46,"column":78}},{"start":{"line":46,"column":78},"end":{"line":46,"column":null}}]},"5":{"loc":{"start":{"line":49,"column":4},"end":{"line":55,"column":null}},"type":"if","locations":[{"start":{"line":49,"column":4},"end":{"line":55,"column":null}},{"start":{},"end":{}}]},"6":{"loc":{"start":{"line":58,"column":4},"end":{"line":67,"column":null}},"type":"if","locations":[{"start":{"line":58,"column":4},"end":{"line":67,"column":null}},{"start":{},"end":{}}]},"7":{"loc":{"start":{"line":70,"column":4},"end":{"line":81,"column":null}},"type":"if","locations":[{"start":{"line":70,"column":4},"end":{"line":81,"column":null}},{"start":{},"end":{}}]}},"s":{"0":1,"1":1,"2":1,"3":1,"4":1,"5":1,"6":1,"7":0,"8":1,"9":1,"10":0,"11":5,"12":1,"13":1,"14":1,"15":1,"16":1,"17":4,"18":4,"19":4,"20":1,"21":1,"22":1,"23":3,"24":1,"25":1,"26":1,"27":1,"28":2,"29":1,"30":1,"31":1,"32":1,"33":1,"34":1},"f":{"0":1,"1":0,"2":5},"b":{"0":[1,0],"1":[0,1],"2":[1,4],"3":[1,0],"4":[4,1,1],"5":[1,3],"6":[1,2],"7":[1,1]}}
,"C:/Users/falej/Documents/DAW/Proyecto/ProyectoFCT/Front/src/assets/util/ProtectedRoute.tsx": {"path":"C:/Users/falej/Documents/DAW/Proyecto/ProyectoFCT/Front/src/assets/util/ProtectedRoute.tsx","statementMap":{"0":{"start":{"line":7,"column":23},"end":{"line":23,"column":null}},"1":{"start":{"line":9,"column":28},"end":{"line":9,"column":null}},"2":{"start":{"line":11,"column":2},"end":{"line":14,"column":null}},"3":{"start":{"line":13,"column":4},"end":{"line":13,"column":null}},"4":{"start":{"line":17,"column":2},"end":{"line":19,"column":null}},"5":{"start":{"line":18,"column":4},"end":{"line":18,"column":null}},"6":{"start":{"line":22,"column":2},"end":{"line":22,"column":null}}},"fnMap":{"0":{"name":"(anonymous_0)","decl":{"start":{"line":7,"column":23},"end":{"line":7,"column":24}},"loc":{"start":{"line":7,"column":51},"end":{"line":23,"column":null}}}},"branchMap":{"0":{"loc":{"start":{"line":11,"column":2},"end":{"line":14,"column":null}},"type":"if","locations":[{"start":{"line":11,"column":2},"end":{"line":14,"column":null}},{"start":{},"end":{}}]},"1":{"loc":{"start":{"line":17,"column":2},"end":{"line":19,"column":null}},"type":"if","locations":[{"start":{"line":17,"column":2},"end":{"line":19,"column":null}},{"start":{},"end":{}}]}},"s":{"0":1,"1":3,"2":3,"3":1,"4":2,"5":1,"6":1},"f":{"0":3},"b":{"0":[1,2],"1":[1,1]}}
,"C:/Users/falej/Documents/DAW/Proyecto/ProyectoFCT/Front/src/assets/util/ScrollTop.ts": {"path":"C:/Users/falej/Documents/DAW/Proyecto/ProyectoFCT/Front/src/assets/util/ScrollTop.ts","statementMap":{"0":{"start":{"line":4,"column":33},"end":{"line":10,"column":2}},"1":{"start":{"line":5,"column":2},"end":{"line":9,"column":null}},"2":{"start":{"line":12,"column":20},"end":{"line":23,"column":null}},"3":{"start":{"line":13,"column":23},"end":{"line":13,"column":null}},"4":{"start":{"line":15,"column":2},"end":{"line":20,"column":null}},"5":{"start":{"line":16,"column":4},"end":{"line":19,"column":null}},"6":{"start":{"line":22,"column":2},"end":{"line":22,"column":null}}},"fnMap":{"0":{"name":"(anonymous_0)","decl":{"start":{"line":4,"column":33},"end":{"line":4,"column":null}},"loc":{"start":{"line":4,"column":33},"end":{"line":10,"column":2}}},"1":{"name":"(anonymous_1)","decl":{"start":{"line":12,"column":20},"end":{"line":12,"column":null}},"loc":{"start":{"line":12,"column":20},"end":{"line":23,"column":null}}},"2":{"name":"(anonymous_2)","decl":{"start":{"line":15,"column":12},"end":{"line":15,"column":null}},"loc":{"start":{"line":15,"column":12},"end":{"line":20,"column":5}}}},"branchMap":{},"s":{"0":1,"1":1,"2":1,"3":1,"4":1,"5":1,"6":1},"f":{"0":1,"1":1,"2":1},"b":{}}
,"C:/Users/falej/Documents/DAW/Proyecto/ProyectoFCT/Front/src/assets/util/SmartLink.tsx": {"path":"C:/Users/falej/Documents/DAW/Proyecto/ProyectoFCT/Front/src/assets/util/SmartLink.tsx","statementMap":{"0":{"start":{"line":10,"column":19},"end":{"line":10,"column":null}},"1":{"start":{"line":11,"column":19},"end":{"line":11,"column":null}},"2":{"start":{"line":13,"column":22},"end":{"line":22,"column":null}},"3":{"start":{"line":14,"column":4},"end":{"line":14,"column":null}},"4":{"start":{"line":15,"column":18},"end":{"line":15,"column":null}},"5":{"start":{"line":16,"column":23},"end":{"line":16,"column":37}},"6":{"start":{"line":17,"column":4},"end":{"line":20,"column":null}},"7":{"start":{"line":18,"column":6},"end":{"line":18,"column":null}},"8":{"start":{"line":19,"column":6},"end":{"line":19,"column":null}},"9":{"start":{"line":21,"column":4},"end":{"line":21,"column":null}},"10":{"start":{"line":24,"column":2},"end":{"line":26,"column":null}}},"fnMap":{"0":{"name":"SmartLink","decl":{"start":{"line":9,"column":16},"end":{"line":9,"column":26}},"loc":{"start":{"line":9,"column":69},"end":{"line":29,"column":null}}},"1":{"name":"(anonymous_1)","decl":{"start":{"line":13,"column":22},"end":{"line":13,"column":23}},"loc":{"start":{"line":13,"column":23},"end":{"line":22,"column":null}}}},"branchMap":{"0":{"loc":{"start":{"line":17,"column":4},"end":{"line":20,"column":null}},"type":"if","locations":[{"start":{"line":17,"column":4},"end":{"line":20,"column":null}},{"start":{},"end":{}}]}},"s":{"0":5,"1":5,"2":5,"3":3,"4":3,"5":3,"6":3,"7":1,"8":1,"9":2,"10":5},"f":{"0":5,"1":3},"b":{"0":[1,2]}}
,"C:/Users/falej/Documents/DAW/Proyecto/ProyectoFCT/Front/src/assets/util/notificacionToast.tsx": {"path":"C:/Users/falej/Documents/DAW/Proyecto/ProyectoFCT/Front/src/assets/util/notificacionToast.tsx","statementMap":{"0":{"start":{"line":4,"column":23},"end":{"line":10,"column":2}},"1":{"start":{"line":12,"column":25},"end":{"line":17,"column":2}},"2":{"start":{"line":19,"column":21},"end":{"line":22,"column":null}},"3":{"start":{"line":20,"column":2},"end":{"line":22,"column":null}},"4":{"start":{"line":26,"column":26},"end":{"line":39,"column":2}},"5":{"start":{"line":27,"column":20},"end":{"line":27,"column":null}},"6":{"start":{"line":29,"column":24},"end":{"line":34,"column":null}},"7":{"start":{"line":36,"column":2},"end":{"line":38,"column":null}}},"fnMap":{"0":{"name":"(anonymous_0)","decl":{"start":{"line":19,"column":21},"end":{"line":19,"column":22}},"loc":{"start":{"line":20,"column":2},"end":{"line":22,"column":null}}},"1":{"name":"(anonymous_1)","decl":{"start":{"line":26,"column":26},"end":{"line":26,"column":27}},"loc":{"start":{"line":26,"column":68},"end":{"line":39,"column":2}}}},"branchMap":{"0":{"loc":{"start":{"line":37,"column":10},"end":{"line":37,"column":41}},"type":"binary-expr","locations":[{"start":{"line":37,"column":10},"end":{"line":37,"column":22}},{"start":{"line":37,"column":22},"end":{"line":37,"column":41}}]}},"s":{"0":1,"1":1,"2":1,"3":0,"4":1,"5":10,"6":10,"7":10},"f":{"0":0,"1":10},"b":{"0":[10,9]}}
}
